695.172
610.248
1271.91
1800.14
1732.21
1506.44
1416.04
1284.81
1210.59
721.189
546.095
531.603
550.753
554.492
601.793
657.427
625.376
630.806
633.564
627.444
674.6
761.9
740.47
702.591
769.385
867.425
846.338
915.012
968.04
1129.71
1207.69
1175.36
1145.41
854.079
836.695
921.1
1509.5
2046.72
1905.41
1339.1
1117.84
871.661
499.876
-58.6218
228.94
302.472
618.591
1186.02
1309.72
718.123
265.249
342.239
373.857
584.263
593.322
565.972
472.368
301.673
230.917
57.7266
133.737
76.4305
77.5811
165.551
195.083
170.806
171.803
182.81
240.553
246.568
326.511
305.372
287.875
284.154
353.148
362.621
564.321
1186.93
1223.35
1238.43
1393.89
1720.89
1876.78
1565.45
875.142
900.21
613.1
58.6218
-348.694
222.673
788.47
886.479
1473.51
1902.64
1845.83
1508.84
1447.65
1367.04
1278.27
662.889
467.075
416.533
417.041
424.352
471.771
527.483
479.401
482.725
478.132
466.371
516.021
599.744
576.963
531.914
599.011
695.708
677.352
743.33
800.336
970.979
1053.25
1043.41
1011.56
737.515
686.009
756.875
1337.63
1875.01
1733.56
1167.51
963.932
717.986
328.017
348.694
314.003
293.201
231.198
79.0691
0
535.226
438.443
1114.41
1629.2
1565.09
1336.62
1271.23
1126.53
1042.47
553.267
397.548
378.805
423.441
441.825
490.916
553.206
524.251
546.894
563.097
564.371
634.997
727.925
716.689
680.907
798.19
905.669
910.056
1044.09
1067.95
1171.8
1211.47
1165.4
1101.85
796.374
740.27
880.019
1548.81
2173.34
2040.38
1464.81
1235.5
1094.34
705.109
565.191
597.375
614.846
618.119
380.784
442.618
5.68434e-14
7.49627
457.71
1039.79
1075.35
892.795
930.968
726.915
614.365
355.942
418.96
437.593
550.289
568.946
598.457
653.156
662.976
689.289
737.42
751.122
801.633
905.977
907.079
905.919
1014.38
1138.4
1191.34
1283.98
1235.28
1292.01
1309.58
1179.05
1130.28
830.305
819.863
985.526
1729.33
2374.1
2237.79
1694.14
1566.75
1423.61
950.858
922.847
981.548
1030.33
1025.44
870.264
812.375
222.673
316.836
770.942
803.018
544.459
642.825
464.84
294.642
65.3445
389.694
488.448
624.147
666.252
667.708
701.931
715.034
770.612
817.334
856.91
899.759
982.002
1000.4
1012.05
1144.54
1255.09
1334.23
1461.39
1353.22
1325.75
1298.09
1138.2
1020.13
767.57
770.689
981.943
1724.21
2433.54
2310.33
1778.03
1709.12
1682.34
1212.47
1133.11
1295.77
1399.62
1456.16
1362.35
1403.89
788.47
532.146
503.34
445.798
485.85
239.203
203.696
98.0075
411.919
563.752
684.266
736.838
733.748
759.802
764.968
834.918
868.228
920.63
963.304
1032.05
1053.19
1067.39
1206.51
1307.41
1386.74
1526.43
1404.53
1352.42
1314.64
1126.55
1015.13
781.577
796.39
1007.13
1735.91
2453.94
2334.29
1806.81
1747.75
1740.66
1290.07
1180.13
1367.53
1469.89
1530.11
1407.15
1486.21
886.479
294.106
317.482
646.06
442.08
422.69
525.545
1032.15
1149.89
1282.34
1323.25
1312.16
1336.12
1353.18
1405.21
1455.66
1496.27
1520.67
1597.65
1623.14
1637.02
1757.88
1862.81
1951.91
2067.29
1907.32
1836.71
1792.51
1534.95
1465.71
1301.65
1328.05
1461.49
2178.01
2910.29
2797.77
2320.56
2311.95
2328.41
1861.32
1796.06
1976.35
2086.9
2147.92
2049.68
2087.87
1473.51
0.296309
489.313
454.334
480.95
665.511
1304.04
1442.87
1557.37
1595.52
1565.27
1572.04
1586.66
1635.66
1680.72
1724.92
1724.3
1783.1
1816.89
1829.62
1934.76
2020.15
2111.96
2220.93
2011.9
1892.82
1831.95
1527.91
1446.12
1396.8
1457.75
1515.5
2136.38
2873.87
2777.48
2349.45
2418.99
2512.89
2080.36
2035.73
2261.69
2394.17
2484.38
2435.24
2512.95
1902.64
227.896
249.337
352.412
570.036
1195.48
1366.01
1461.01
1500.18
1467.09
1465.86
1474.49
1532.95
1561
1618.88
1616.27
1657.27
1691.24
1711.6
1818.98
1889.54
1979.38
2098.62
1889.12
1747.24
1678.34
1408.45
1240.34
1218.64
1334.07
1434.15
1990.57
2705.49
2611.33
2156.78
2254.13
2359.11
1953.13
1902.33
2156.48
2291.24
2387.81
2342
2454.93
1845.83
94.9485
94.9512
191.228
846.021
978.919
1075.05
1108.26
1065.55
1062.08
1072.61
1112.92
1155.64
1195.46
1176.98
1226.96
1264.45
1270.88
1362.11
1436.89
1525.7
1627.84
1400.61
1269.21
1206.4
891.596
819.505
819.5
881.149
896.607
1492.58
2227.48
2132.28
1714.53
1805
1930.08
1523.13
1498.31
1743.75
1886.28
1995.52
1983.54
2094.29
1508.84
154.797
242.307
772.176
937.721
1007.13
1037.32
993.83
981.72
987.322
1037.66
1058.4
1116.29
1096.53
1125.61
1161.4
1181.3
1274.9
1333.35
1420.57
1533.61
1312.43
1159.71
1089.46
828.135
642.147
651.906
798.642
877.002
1397.72
2110.83
2015.23
1558.17
1668.46
1790.79
1407.07
1380.2
1654.85
1796.37
1906.39
1893.02
2038.28
1447.65
139.065
703.509
879.529
965.874
1004.02
970.059
967.344
974.928
1034.91
1060.67
1120.22
1119.72
1160.95
1194.12
1215.25
1326.97
1401.01
1491.13
1615.1
1420.72
1295.51
1230.75
986.67
829.325
742.426
843.635
977.914
1589.88
2318.1
2213.98
1734.96
1787.87
1873.61
1457.67
1401.89
1655.61
1790.4
1888.17
1847.72
1971.75
1367.04
633.146
799.268
901.071
942.519
914.478
919.258
929.106
990.903
1022.87
1079.48
1090.07
1140.64
1171.64
1191.79
1312.17
1395.38
1485.36
1613.99
1439.17
1332.37
1272.39
1054.59
888.597
760.214
836.693
1007.3
1655.48
2383.13
2274.97
1778.43
1804.16
1868.92
1437.48
1371.15
1608.13
1738.85
1829.97
1780.31
1886.15
1278.27
143.317
247.246
288.778
265.352
275.658
282.782
352.269
380.133
439.563
467.568
519.208
545.58
565.425
700.446
787.259
870.803
1014.17
885.138
814.521
765.95
645.314
426.697
214.81
255.381
501.774
1163.01
1882.48
1768.29
1229.59
1204.86
1242.88
805.378
726.43
956.485
1086.75
1179
1143.14
1251.42
662.889
74.8094
134.214
134.559
159.337
144.614
229.558
245.032
304.675
359.691
419.721
436.787
446.205
595.094
691.337
761.882
914.192
831.749
818.859
800.454
718.382
583.349
292.276
240.287
483.843
1201.75
1901.01
1777.39
1218.75
1122.74
1111.34
668.668
559.499
771.757
894.097
979.78
933.911
1055.66
467.075
40.8383
60.1471
110.557
104.469
163.419
199.937
237.861
299.3
381.245
391.803
396.783
537.847
647.591
716.339
854.387
787.967
808.952
809.421
744.621
638.242
340.857
271.033
478.175
1207.52
1889.49
1761.6
1202.68
1093.83
1055.81
593.706
509.64
694.385
817.127
902.422
867.926
981.404
416.533
19.323
72.4752
41.9347
105.582
129.427
170.238
239.246
316.629
324.879
325.824
471.916
578.458
643.469
788.205
730.259
759.211
765.642
715.233
619.308
328.364
241.967
429.294
1150.76
1828.13
1700.16
1136.69
1018.72
982.269
527.418
433.285
632.379
759.7
852.215
829.274
962.913
417.041
62.5245
48.0818
80.4854
121.507
149.009
212.578
300.806
307.384
310.116
448.395
560.395
627.768
763.798
702.521
738.316
751.123
699.457
616.55
322.352
251.963
417.603
1141.35
1811.42
1681.86
1121.85
1007.92
966.793
504.857
425.299
620.663
750.202
845.531
827.74
966.723
424.352
11.0353
43.0641
93.6674
126.238
178.746
263.383
275.005
283.191
420.804
531.013
604.652
739.548
665.13
689.323
697.15
641.859
555.035
261.975
192.159
364.532
1094.07
1769.7
1640.93
1084.53
983.674
956.828
495.177
425.613
634.618
768.991
870.395
861.734
1006.61
471.771
45.8983
90.2885
133.331
174.516
251.052
267.159
279.042
417.459
523.688
601.173
737.824
653.391
666.9
670.395
612.723
523.515
231.178
163.709
338.461
1070.83
1751.16
1623.29
1068.87
976.774
962.836
505.541
438.922
663.049
800.818
907.015
905.132
1057.48
527.483
4.62681
64.0688
119.893
183.536
196.71
205.158
352.387
453.175
525.343
671.748
601.892
622.366
627.91
586.437
495.846
220.526
117.989
289.501
1010.17
1690.52
1563.42
1001.38
897.256
882.482
431.008
354.148
584.735
723.087
831.004
834.113
991.336
479.401
5.52539
50.2863
137.197
147.819
156.709
291.973
402.554
478.04
611.259
539.786
575.365
592.344
557.632
484.56
223.688
120.293
256.571
975.829
1645.24
1515.89
957.823
858.084
837.448
376.48
323.637
547.345
689.034
802.554
815.651
979.387
482.725
48.3426
106.719
115.082
119.378
269.344
369.284
439.045
587.515
526.296
562.067
579.752
553.077
483.984
226.462
128.116
237.776
947.179
1618.01
1489.85
925.008
812.779
795.749
346.637
273.203
517.179
659.193
774.051
790.9
964.087
478.132
81.413
78.297
76.3198
216.46
326.263
394.629
532.933
483.564
542.335
572.175
558.496
502.037
269.746
142.125
230.244
926.303
1586.42
1456.53
891.391
775.838
747.387
287.025
235.742
464.338
608.698
728.172
753.268
928.988
466.371
13.1682
8.213
127.972
241.656
321.593
447.434
374.645
429.277
463.741
454.171
411.087
211.812
76.6247
134.384
827.401
1484.79
1354.13
796.635
703.017
693.551
239.672
214.354
461.551
610.073
739.446
778.841
968.381
516.021
16.3738
141.53
233.084
315.506
456.891
380.395
421.22
451.64
446.935
408.499
216.548
105.114
117.095
804.637
1470.07
1341.45
779.645
686.476
696.609
257.572
234.16
510.11
658.854
791.831
839.775
1038.69
599.744
131.409
227.441
305.161
448.438
383.617
438.515
477.124
475.994
443.252
249.246
147.158
151.311
820.743
1478.56
1349.05
784.959
681.118
679.901
236.444
206.801
483.108
631.432
763.613
811.694
1012.39
576.963
91.4496
159.455
307.405
281.325
371.063
423.485
441.322
430.346
271.192
136.188
69.4102
709.186
1360.34
1231.18
659.115
538.71
532.574
91.0974
86.731
353.792
503.591
646.18
707.279
917.064
531.914
75.1681
192.448
162.63
296.075
381.562
416.044
443.592
341.935
224.541
70.1576
634.298
1259.78
1127.34
560.135
456.892
461.505
69.806
74.8495
362.438
506.866
658.155
736.155
964.791
599.011
139.704
122.602
264.346
365.777
408.123
456.424
383.956
301.966
78.0504
559.939
1184.15
1053.57
480.384
371.232
406.644
86.8946
125.776
409.283
544.669
700.281
790.384
1031.16
695.708
65.192
270.478
400.626
446.266
519.237
466.324
393.927
84.9119
441.335
1037.37
909.66
334.056
152.932
184.457
41.8074
57.493
299.469
412.444
578.577
679.94
941.48
677.352
290.914
452.972
502.364
592.523
587.882
515.609
157.481
455.653
981.844
844.855
272.906
168.24
183.118
-0.665196
222.673
788.47
886.479
1473.51
1902.64
1845.83
1508.84
1447.65
1367.04
1278.27
662.889
467.075
416.533
417.041
424.352
471.771
527.483
479.401
482.725
478.132
466.371
516.021
599.744
576.963
531.914
599.011
695.708
677.352
662.144
735.431
858.917
1175.56
1742.83
1866.67
1250.31
676.482
630.666
776.235
1025.71
1077
1066.99
1009.29
858.152
515.186
348.694
314.003
293.201
231.198
79.0691
0
535.226
438.443
1114.41
1629.2
1565.09
1336.62
1271.23
1126.53
1042.47
553.267
397.548
378.805
423.441
441.825
490.916
553.206
524.251
546.894
563.097
564.371
634.997
727.925
716.689
680.907
798.19
905.669
910.056
944.9
1094.57
1253.19
1465.06
2040.24
2173.51
1541.16
866.48
706.148
813.662
1099.95
1187.89
1215.76
1180.78
1071.93
786.96
565.191
597.375
614.846
618.119
380.784
442.618
5.68434e-14
7.49627
457.71
1039.79
1075.35
892.795
930.968
726.915
614.365
355.942
418.96
437.593
550.289
568.946
598.457
653.156
662.976
689.289
737.42
751.122
801.633
905.977
907.079
905.919
1014.38
1138.4
1191.34
1289.24
1407.9
1464.58
1662.37
2240.97
2361.5
1667.86
993.733
756.914
826.708
1093.02
1259.22
1322.7
1335.15
1310.54
1050.72
922.847
981.548
1030.33
1025.44
870.264
812.375
222.673
316.836
770.942
803.018
544.459
642.825
464.84
294.642
65.3445
389.694
488.448
624.147
666.252
667.708
701.931
715.034
770.612
817.334
856.91
899.759
982.002
1000.4
1012.05
1144.54
1255.09
1334.23
1497.88
1668.14
1682.42
1763.5
2309.83
2430.46
1717.54
999.301
760.725
757.413
1009.27
1154.45
1300.17
1334.69
1374.03
1207.87
1133.11
1295.77
1399.62
1456.16
1362.35
1403.89
788.47
532.146
503.34
445.798
485.85
239.203
203.696
98.0075
411.919
563.752
684.266
736.838
733.748
759.802
764.968
834.918
868.228
920.63
963.304
1032.05
1053.19
1067.39
1206.51
1307.41
1386.74
1551.86
1747.67
1752.42
1802.49
2333.82
2451.92
1732.04
1017.61
794.853
773.43
992.233
1152.67
1315.82
1356.25
1405.57
1254.23
1180.13
1367.53
1469.89
1530.11
1407.15
1486.21
886.479
294.106
317.482
646.06
442.08
422.69
525.545
1032.15
1149.89
1282.34
1323.25
1312.16
1336.12
1353.18
1405.21
1455.66
1496.27
1520.67
1597.65
1623.14
1637.02
1757.88
1862.81
1951.91
2140.5
2300.19
2265.81
2270.77
2792.67
2899.91
2179.79
1540.33
1324.62
1255.05
1397.41
1603.24
1795.1
1854.18
1948.56
1836.55
1796.06
1976.35
2086.9
2147.92
2049.68
2087.87
1473.51
0.296309
489.313
454.334
480.95
665.511
1304.04
1442.87
1557.37
1595.52
1565.27
1572.04
1586.66
1635.66
1680.72
1724.92
1724.3
1783.1
1816.89
1829.62
1934.76
2020.15
2111.96
2327.4
2481.59
2390.64
2305.37
2771.73
2866.89
2153.18
1594.62
1469.8
1350.37
1390.38
1571.8
1831.15
1900.05
2038.99
2007.82
2035.73
2261.69
2394.17
2484.38
2435.24
2512.95
1902.64
227.896
249.337
352.412
570.036
1195.48
1366.01
1461.01
1500.18
1467.09
1465.86
1474.49
1532.95
1561
1618.88
1616.27
1657.27
1691.24
1711.6
1818.98
1889.54
1979.38
2188.25
2376.38
2270.4
2189.05
2616.09
2711.26
1975.91
1379.77
1326.01
1246.77
1282.77
1375.09
1679.14
1742.95
1873
1847.33
1902.33
2156.48
2291.24
2387.81
2342
2454.93
1845.83
94.9485
94.9512
191.228
846.021
978.919
1075.05
1108.26
1065.55
1062.08
1072.61
1112.92
1155.64
1195.46
1176.98
1226.96
1264.45
1270.88
1362.11
1436.89
1525.7
1749.8
1893.72
1779.6
1672.97
2127.56
2222.16
1507.4
989.288
906.806
755.368
756.847
935.708
1204.59
1274.85
1427.33
1434.16
1498.31
1743.75
1886.28
1995.52
1983.54
2094.29
1508.84
154.797
242.307
772.176
937.721
1007.13
1037.32
993.83
981.72
987.322
1037.66
1058.4
1116.29
1096.53
1125.61
1161.4
1181.3
1274.9
1333.35
1420.57
1631.78
1818.94
1690.2
1602.2
2020.94
2117.8
1380.3
788.443
777.687
704.799
711.933
776.464
1091.27
1154.3
1289.14
1285.78
1380.2
1654.85
1796.37
1906.39
1893.02
2038.28
1447.65
139.065
703.509
879.529
965.874
1004.02
970.059
967.344
974.928
1034.91
1060.67
1120.22
1119.72
1160.95
1194.12
1215.25
1326.97
1401.01
1491.13
1696.81
1888.46
1801.22
1751.2
2215.53
2320.41
1587.19
942.95
836.269
769.298
852.353
967.618
1230.67
1291.3
1407.34
1360.16
1401.89
1655.61
1790.4
1888.17
1847.72
1971.75
1367.04
633.146
799.268
901.071
942.519
914.478
919.258
929.106
990.903
1022.87
1079.48
1090.07
1140.64
1171.64
1191.79
1312.17
1395.38
1485.36
1685.49
1876.54
1815.1
1794.4
2276.7
2386.4
1654.23
978.338
834.551
778.671
916.295
1028.4
1271.81
1327.34
1427.85
1356.43
1371.15
1608.13
1738.85
1829.97
1780.31
1886.15
1278.27
143.317
247.246
288.778
265.352
275.658
282.782
352.269
380.133
439.563
467.568
519.208
545.58
565.425
700.446
787.259
870.803
1056.67
1258.68
1239.35
1270.01
1771.05
1891.91
1178.92
428.132
272.832
270.616
505.515
548.724
759.58
789.652
844.722
734.543
726.43
956.485
1086.75
1179
1143.14
1251.42
662.889
74.8094
134.214
134.559
159.337
144.614
229.558
245.032
304.675
359.691
419.721
436.787
446.205
595.094
691.337
761.882
922.374
1126.27
1153.6
1235.94
1777.38
1905.31
1218.73
469.229
277.041
292.644
596.355
686.188
795.158
801.548
801.115
626.835
559.499
771.757
894.097
979.78
933.911
1055.66
467.075
40.8383
60.1471
110.557
104.469
163.419
199.937
237.861
299.3
381.245
391.803
396.783
537.847
647.591
716.339
870.599
1051.57
1089.48
1202.97
1761.57
1889.81
1210.7
477.835
288.5
334.163
641.782
732.646
807.857
805.711
787.578
586.189
509.64
694.385
817.127
902.422
867.926
981.404
416.533
19.323
72.4752
41.9347
105.582
129.427
170.238
239.246
316.629
324.879
325.824
471.916
578.458
643.469
795.607
985.054
1027.55
1141.27
1699.93
1829.55
1158.98
431.642
265.234
318.383
620.829
702.406
762.921
751.633
719.443
511.871
433.285
632.379
759.7
852.215
829.274
962.913
417.041
62.5245
48.0818
80.4854
121.507
149.009
212.578
300.806
307.384
310.116
448.395
560.395
627.768
781.664
962.635
999.299
1118.62
1682.03
1810.51
1136.72
416.024
245.936
324.085
616.359
703.436
752.325
742.289
710.345
498.12
425.299
620.663
750.202
845.531
827.74
966.723
424.352
11.0353
43.0641
93.6674
126.238
178.746
263.383
275.005
283.191
420.804
531.013
604.652
769.906
951.168
973.83
1080.75
1641.06
1768.76
1089.86
363.826
189.854
261.027
554.973
644.282
698.157
693.101
673.759
477.977
425.613
634.618
768.991
870.395
861.734
1006.61
471.771
45.8983
90.2885
133.331
174.516
251.052
267.159
279.042
417.459
523.688
601.173
774.48
959.773
971.792
1066.77
1623.33
1750.67
1068.7
338.388
162.31
230.517
523.477
614.096
670.948
668.955
658.008
475.849
438.922
663.049
800.818
907.015
905.132
1057.48
527.483
4.62681
64.0688
119.893
183.536
196.71
205.158
352.387
453.175
525.343
693.713
888.299
911.387
1008.96
1563.14
1692.62
1021.94
294.141
153.717
203.548
495.856
569.685
623.805
610.784
584.492
395.017
354.148
584.735
723.087
831.004
834.113
991.336
479.401
5.52539
50.2863
137.197
147.819
156.709
291.973
402.554
478.04
649.956
829.178
846.123
954.131
1516.04
1644.4
972.596
256.077
138.129
209.23
483.794
554.976
592.491
577.66
549
355.179
323.637
547.345
689.034
802.554
815.651
979.387
482.725
48.3426
106.719
115.082
119.378
269.344
369.284
439.045
606.897
804.104
828.96
931.639
1489.49
1619.83
957.528
246.557
137.525
223.878
482.661
544.893
576.751
552.661
508.94
308.605
273.203
517.179
659.193
774.051
790.9
964.087
478.132
81.413
78.297
76.3198
216.46
326.263
394.629
560.214
742.627
772.532
892.043
1456.44
1586.78
930.865
242.377
173.983
245.838
497.587
548.5
569.426
536.69
480.996
268.308
235.742
464.338
608.698
728.172
753.268
928.988
466.371
13.1682
8.213
127.972
241.656
321.593
505.453
677.872
680.43
789.079
1354.53
1482.95
818.31
132.885
108.1
183.246
407.708
452.811
464.761
435.984
395.851
213.056
214.354
461.551
610.073
739.446
778.841
968.381
516.021
16.3738
141.53
233.084
315.506
508.08
699.597
693.582
783.549
1341.25
1471.11
811.61
131.398
109.927
212.603
405.211
441.05
448.977
413.82
369.473
200.219
234.16
510.11
658.854
791.831
839.775
1038.69
599.744
131.409
227.441
305.161
491.013
684.145
687.887
787.445
1348.89
1479.2
824.551
154.326
141.756
254.589
443.443
475.082
476.335
435.364
376.141
185.92
206.801
483.108
631.432
763.613
811.694
1012.39
576.963
91.4496
159.455
343.619
530.724
552.788
667.248
1230.18
1363.19
735.828
145.743
163.761
236.148
409.492
423.144
412.823
343.699
247.022
49.1875
86.731
353.792
503.591
646.18
707.279
917.064
531.914
75.1681
272.716
436.678
431.596
556.271
1127.77
1258.81
633.601
130.189
241.975
305.293
423.246
410.061
375.862
286.671
174.413
34.2572
74.8495
362.438
506.866
658.155
736.155
964.791
599.011
221.348
401.141
381.005
485.935
1052.68
1186.12
582.159
130.148
303.204
375.113
441.654
405.96
359.237
244.264
87.1666
7.29175
125.776
409.283
544.669
700.281
790.384
1031.16
695.708
178.572
219.353
337.364
904.819
1043.32
514.703
168.774
393.177
461.538
496.73
449.513
391.99
242.371
-13.8139
222.673
788.47
886.479
1473.51
1902.64
1845.83
1508.84
1447.65
1367.04
1278.27
662.889
467.075
416.533
417.041
424.352
471.771
527.483
479.401
482.725
478.132
466.371
516.021
599.744
576.963
531.914
599.011
695.708
719.005
970.979
1053.25
1043.41
1011.56
737.515
686.009
756.875
1337.63
1875.01
1733.56
1167.51
963.932
717.986
585.992
743.33
515.186
348.694
314.003
293.201
231.198
79.0691
0
535.226
438.443
1114.41
1629.2
1565.09
1336.62
1271.23
1126.53
1042.47
553.267
397.548
378.805
423.441
441.825
490.916
553.206
524.251
546.894
563.097
564.371
634.997
727.925
716.689
680.907
798.19
905.669
950.427
1171.8
1211.47
1165.4
1101.85
796.374
740.27
880.019
1548.81
2173.34
2040.38
1464.81
1235.5
1094.34
960.212
1044.09
786.96
565.191
597.375
614.846
618.119
380.784
442.618
5.68434e-14
7.49627
457.71
1039.79
1075.35
892.795
930.968
726.915
614.365
355.942
418.96
437.593
550.289
568.946
598.457
653.156
662.976
689.289
737.42
751.122
801.633
905.977
907.079
905.919
1014.38
1138.4
1117.79
1292.01
1309.58
1179.05
1130.28
830.305
819.863
985.526
1729.33
2374.1
2237.79
1694.14
1566.75
1423.61
1223.45
1283.98
1050.72
922.847
981.548
1030.33
1025.44
870.264
812.375
222.673
316.836
770.942
803.018
544.459
642.825
464.84
294.642
65.3445
389.694
488.448
624.147
666.252
667.708
701.931
715.034
770.612
817.334
856.91
899.759
982.002
1000.4
1012.05
1144.54
1255.09
1227.18
1325.75
1298.09
1138.2
1020.13
767.57
770.689
981.943
1724.21
2433.54
2310.33
1778.03
1709.12
1682.34
1479.35
1461.39
1207.87
1133.11
1295.77
1399.62
1456.16
1362.35
1403.89
788.47
532.146
503.34
445.798
485.85
239.203
203.696
98.0075
411.919
563.752
684.266
736.838
733.748
759.802
764.968
834.918
868.228
920.63
963.304
1032.05
1053.19
1067.39
1206.51
1307.41
1281.83
1352.42
1314.64
1126.55
1015.13
781.577
796.39
1007.13
1735.91
2453.94
2334.29
1806.81
1747.75
1740.66
1559.75
1526.43
1254.23
1180.13
1367.53
1469.89
1530.11
1407.15
1486.21
886.479
294.106
317.482
646.06
442.08
422.69
525.545
1032.15
1149.89
1282.34
1323.25
1312.16
1336.12
1353.18
1405.21
1455.66
1496.27
1520.67
1597.65
1623.14
1637.02
1757.88
1862.81
1783.78
1836.71
1792.51
1534.95
1465.71
1301.65
1328.05
1461.49
2178.01
2910.29
2797.77
2320.56
2311.95
2328.41
2114.7
2067.29
1836.55
1796.06
1976.35
2086.9
2147.92
2049.68
2087.87
1473.51
0.296309
489.313
454.334
480.95
665.511
1304.04
1442.87
1557.37
1595.52
1565.27
1572.04
1586.66
1635.66
1680.72
1724.92
1724.3
1783.1
1816.89
1829.62
1934.76
2020.15
1900.15
1892.82
1831.95
1527.91
1446.12
1396.8
1457.75
1515.5
2136.38
2873.87
2777.48
2349.45
2418.99
2512.89
2310.73
2220.93
2007.82
2035.73
2261.69
2394.17
2484.38
2435.24
2512.95
1902.64
227.896
249.337
352.412
570.036
1195.48
1366.01
1461.01
1500.18
1467.09
1465.86
1474.49
1532.95
1561
1618.88
1616.27
1657.27
1691.24
1711.6
1818.98
1889.54
1792.69
1747.24
1678.34
1408.45
1240.34
1218.64
1334.07
1434.15
1990.57
2705.49
2611.33
2156.78
2254.13
2359.11
2196.1
2098.62
1847.33
1902.33
2156.48
2291.24
2387.81
2342
2454.93
1845.83
94.9485
94.9512
191.228
846.021
978.919
1075.05
1108.26
1065.55
1062.08
1072.61
1112.92
1155.64
1195.46
1176.98
1226.96
1264.45
1270.88
1362.11
1436.89
1295.04
1269.21
1206.4
891.596
819.505
819.5
881.149
896.607
1492.58
2227.48
2132.28
1714.53
1805
1930.08
1734.71
1627.84
1434.16
1498.31
1743.75
1886.28
1995.52
1983.54
2094.29
1508.84
154.797
242.307
772.176
937.721
1007.13
1037.32
993.83
981.72
987.322
1037.66
1058.4
1116.29
1096.53
1125.61
1161.4
1181.3
1274.9
1333.35
1226.63
1159.71
1089.46
828.135
642.147
651.906
798.642
877.002
1397.72
2110.83
2015.23
1558.17
1668.46
1790.79
1642.14
1533.61
1285.78
1380.2
1654.85
1796.37
1906.39
1893.02
2038.28
1447.65
139.065
703.509
879.529
965.874
1004.02
970.059
967.344
974.928
1034.91
1060.67
1120.22
1119.72
1160.95
1194.12
1215.25
1326.97
1401.01
1318.8
1295.51
1230.75
986.67
829.325
742.426
843.635
977.914
1589.88
2318.1
2213.98
1734.96
1787.87
1873.61
1705.03
1615.1
1360.16
1401.89
1655.61
1790.4
1888.17
1847.72
1971.75
1367.04
633.146
799.268
901.071
942.519
914.478
919.258
929.106
990.903
1022.87
1079.48
1090.07
1140.64
1171.64
1191.79
1312.17
1395.38
1329.72
1332.37
1272.39
1054.59
888.597
760.214
836.693
1007.3
1655.48
2383.13
2274.97
1778.43
1804.16
1868.92
1690.33
1613.99
1356.43
1371.15
1608.13
1738.85
1829.97
1780.31
1886.15
1278.27
143.317
247.246
288.778
265.352
275.658
282.782
352.269
380.133
439.563
467.568
519.208
545.58
565.425
700.446
787.259
771.539
814.521
765.95
645.314
426.697
214.81
255.381
501.774
1163.01
1882.48
1768.29
1229.59
1204.86
1242.88
1069.72
1014.17
734.543
726.43
956.485
1086.75
1179
1143.14
1251.42
662.889
74.8094
134.214
134.559
159.337
144.614
229.558
245.032
304.675
359.691
419.721
436.787
446.205
595.094
691.337
708.887
818.859
800.454
718.382
583.349
292.276
240.287
483.843
1201.75
1901.01
1777.39
1218.75
1122.74
1111.34
941.056
914.192
626.835
559.499
771.757
894.097
979.78
933.911
1055.66
467.075
40.8383
60.1471
110.557
104.469
163.419
199.937
237.861
299.3
381.245
391.803
396.783
537.847
647.591
661.39
808.952
809.421
744.621
638.242
340.857
271.033
478.175
1207.52
1889.49
1761.6
1202.68
1093.83
1055.81
864.911
854.387
586.189
509.64
694.385
817.127
902.422
867.926
981.404
416.533
19.323
72.4752
41.9347
105.582
129.427
170.238
239.246
316.629
324.879
325.824
471.916
578.458
603.83
759.211
765.642
715.233
619.308
328.364
241.967
429.294
1150.76
1828.13
1700.16
1136.69
1018.72
982.269
799.925
788.205
511.871
433.285
632.379
759.7
852.215
829.274
962.913
417.041
62.5245
48.0818
80.4854
121.507
149.009
212.578
300.806
307.384
310.116
448.395
560.395
575.793
738.316
751.123
699.457
616.55
322.352
251.963
417.603
1141.35
1811.42
1681.86
1121.85
1007.92
966.793
775.712
763.798
498.12
425.299
620.663
750.202
845.531
827.74
966.723
424.352
11.0353
43.0641
93.6674
126.238
178.746
263.383
275.005
283.191
420.804
531.013
538.65
689.323
697.15
641.859
555.035
261.975
192.159
364.532
1094.07
1769.7
1640.93
1084.53
983.674
956.828
762.812
739.548
477.977
425.613
634.618
768.991
870.395
861.734
1006.61
471.771
45.8983
90.2885
133.331
174.516
251.052
267.159
279.042
417.459
523.688
527.731
666.9
670.395
612.723
523.515
231.178
163.709
338.461
1070.83
1751.16
1623.29
1068.87
976.774
962.836
771.004
737.824
475.849
438.922
663.049
800.818
907.015
905.132
1057.48
527.483
4.62681
64.0688
119.893
183.536
196.71
205.158
352.387
453.175
476.899
622.366
627.91
586.437
495.846
220.526
117.989
289.501
1010.17
1690.52
1563.42
1001.38
897.256
882.482
700.807
671.748
395.017
354.148
584.735
723.087
831.004
834.113
991.336
479.401
5.52539
50.2863
137.197
147.819
156.709
291.973
402.554
413.279
575.365
592.344
557.632
484.56
223.688
120.293
256.571
975.829
1645.24
1515.89
957.823
858.084
837.448
640.326
611.259
355.179
323.637
547.345
689.034
802.554
815.651
979.387
482.725
48.3426
106.719
115.082
119.378
269.344
369.284
400.921
562.067
579.752
553.077
483.984
226.462
128.116
237.776
947.179
1618.01
1489.85
925.008
812.779
795.749
616.931
587.515
308.605
273.203
517.179
659.193
774.051
790.9
964.087
478.132
81.413
78.297
76.3198
216.46
326.263
356.86
542.335
572.175
558.496
502.037
269.746
142.125
230.244
926.303
1586.42
1456.53
891.391
775.838
747.387
554.529
532.933
268.308
235.742
464.338
608.698
728.172
753.268
928.988
466.371
13.1682
8.213
127.972
241.656
247.989
429.277
463.741
454.171
411.087
211.812
76.6247
134.384
827.401
1484.79
1354.13
796.635
703.017
693.551
489.343
447.434
213.056
214.354
461.551
610.073
739.446
778.841
968.381
516.021
16.3738
141.53
233.084
257.023
421.22
451.64
446.935
408.499
216.548
105.114
117.095
804.637
1470.07
1341.45
779.645
686.476
696.609
510.71
456.891
200.219
234.16
510.11
658.854
791.831
839.775
1038.69
599.744
131.409
227.441
258.591
438.515
477.124
475.994
443.252
249.246
147.158
151.311
820.743
1478.56
1349.05
784.959
681.118
679.901
495.19
448.438
185.92
206.801
483.108
631.432
763.613
811.694
1012.39
576.963
91.4496
155.234
371.063
423.485
441.322
430.346
271.192
136.188
69.4102
709.186
1360.34
1231.18
659.115
538.71
532.574
341.935
307.405
49.1875
86.731
353.792
503.591
646.18
707.279
917.064
531.914
36.4444
296.075
381.562
416.044
443.592
341.935
224.541
70.1576
634.298
1259.78
1127.34
560.135
456.892
461.505
251.382
192.448
34.2572
74.8495
362.438
506.866
658.155
736.155
964.791
599.011
264.346
365.777
408.123
456.424
383.956
301.966
78.0504
559.939
1184.15
1053.57
480.384
371.232
406.644
216.684
139.704
7.29175
125.776
409.283
544.669
700.281
790.384
1031.16
695.708
141.084
167.167
302.16
323.634
256.074
-179.232
222.673
788.47
886.479
1473.51
1902.64
1845.83
1508.84
1447.65
1367.04
1278.27
662.889
467.075
416.533
417.041
424.352
471.771
527.483
479.401
482.725
478.132
466.371
516.021
599.744
576.963
531.914
599.011
695.708
508.456
630.666
776.235
1025.71
1077
1066.99
1009.29
1063.48
1337.63
1875.01
1733.56
1167.51
963.932
717.986
585.992
743.33
515.186
348.694
314.003
293.201
231.198
79.0691
0
535.226
438.443
1114.41
1629.2
1565.09
1336.62
1271.23
1126.53
1042.47
553.267
397.548
378.805
423.441
441.825
490.916
553.206
524.251
546.894
563.097
564.371
634.997
727.925
716.689
680.907
798.19
905.669
722.86
706.148
813.662
1099.95
1187.89
1215.76
1180.78
1269.8
1548.81
2173.34
2040.38
1464.81
1235.5
1094.34
960.212
1044.09
786.96
565.191
597.375
614.846
618.119
380.784
442.618
5.68434e-14
7.49627
457.71
1039.79
1075.35
892.795
930.968
726.915
614.365
355.942
418.96
437.593
550.289
568.946
598.457
653.156
662.976
689.289
737.42
751.122
801.633
905.977
907.079
905.919
1014.38
1138.4
857.605
756.914
826.708
1093.02
1259.22
1322.7
1335.15
1392.32
1729.33
2374.1
2237.79
1694.14
1566.75
1423.61
1223.45
1283.98
1050.72
922.847
981.548
1030.33
1025.44
870.264
812.375
222.673
316.836
770.942
803.018
544.459
642.825
464.84
294.642
65.3445
389.694
488.448
624.147
666.252
667.708
701.931
715.034
770.612
817.334
856.91
899.759
982.002
1000.4
1012.05
1144.54
1255.09
970.708
760.725
757.413
1009.27
1154.45
1300.17
1334.69
1421.36
1724.21
2433.54
2310.33
1778.03
1709.12
1682.34
1479.35
1461.39
1207.87
1133.11
1295.77
1399.62
1456.16
1362.35
1403.89
788.47
532.146
503.34
445.798
485.85
239.203
203.696
98.0075
411.919
563.752
684.266
736.838
733.748
759.802
764.968
834.918
868.228
920.63
963.304
1032.05
1053.19
1067.39
1206.51
1307.41
1026.81
794.853
773.43
992.233
1152.67
1315.82
1356.25
1442.83
1735.91
2453.94
2334.29
1806.81
1747.75
1740.66
1559.75
1526.43
1254.23
1180.13
1367.53
1469.89
1530.11
1407.15
1486.21
886.479
294.106
317.482
646.06
442.08
422.69
525.545
1032.15
1149.89
1282.34
1323.25
1312.16
1336.12
1353.18
1405.21
1455.66
1496.27
1520.67
1597.65
1623.14
1637.02
1757.88
1862.81
1558.75
1324.62
1255.05
1397.41
1603.24
1795.1
1854.18
1895.74
2178.01
2910.29
2797.77
2320.56
2311.95
2328.41
2114.7
2067.29
1836.55
1796.06
1976.35
2086.9
2147.92
2049.68
2087.87
1473.51
0.296309
489.313
454.334
480.95
665.511
1304.04
1442.87
1557.37
1595.52
1565.27
1572.04
1586.66
1635.66
1680.72
1724.92
1724.3
1783.1
1816.89
1829.62
1934.76
2020.15
1714.92
1469.8
1350.37
1390.38
1571.8
1831.15
1900.05
1919.76
2136.38
2873.87
2777.48
2349.45
2418.99
2512.89
2310.73
2220.93
2007.82
2035.73
2261.69
2394.17
2484.38
2435.24
2512.95
1902.64
227.896
249.337
352.412
570.036
1195.48
1366.01
1461.01
1500.18
1467.09
1465.86
1474.49
1532.95
1561
1618.88
1616.27
1657.27
1691.24
1711.6
1818.98
1889.54
1581.8
1326.01
1246.77
1282.77
1375.09
1679.14
1742.95
1798.61
1990.57
2705.49
2611.33
2156.78
2254.13
2359.11
2196.1
2098.62
1847.33
1902.33
2156.48
2291.24
2387.81
2342
2454.93
1845.83
94.9485
94.9512
191.228
846.021
978.919
1075.05
1108.26
1065.55
1062.08
1072.61
1112.92
1155.64
1195.46
1176.98
1226.96
1264.45
1270.88
1362.11
1436.89
1137.34
906.806
755.368
756.847
935.708
1204.59
1274.85
1286.73
1492.58
2227.48
2132.28
1714.53
1805
1930.08
1734.71
1627.84
1434.16
1498.31
1743.75
1886.28
1995.52
1983.54
2094.29
1508.84
154.797
242.307
772.176
937.721
1007.13
1037.32
993.83
981.72
987.322
1037.66
1058.4
1116.29
1096.53
1125.61
1161.4
1181.3
1274.9
1333.35
1022.48
777.687
704.799
711.933
776.464
1091.27
1154.3
1213.93
1397.72
2110.83
2015.23
1558.17
1668.46
1790.79
1642.14
1533.61
1285.78
1380.2
1654.85
1796.37
1906.39
1893.02
2038.28
1447.65
139.065
703.509
879.529
965.874
1004.02
970.059
967.344
974.928
1034.91
1060.67
1120.22
1119.72
1160.95
1194.12
1215.25
1326.97
1401.01
1095.47
836.269
769.298
852.353
967.618
1230.67
1291.3
1361.29
1589.88
2318.1
2213.98
1734.96
1787.87
1873.61
1705.03
1615.1
1360.16
1401.89
1655.61
1790.4
1888.17
1847.72
1971.75
1367.04
633.146
799.268
901.071
942.519
914.478
919.258
929.106
990.903
1022.87
1079.48
1090.07
1140.64
1171.64
1191.79
1312.17
1395.38
1094.18
834.551
778.671
916.295
1028.4
1271.81
1327.34
1409.87
1655.48
2383.13
2274.97
1778.43
1804.16
1868.92
1690.33
1613.99
1356.43
1371.15
1608.13
1738.85
1829.97
1780.31
1886.15
1278.27
143.317
247.246
288.778
265.352
275.658
282.782
352.269
380.133
439.563
467.568
519.208
545.58
565.425
700.446
787.259
511.745
272.832
270.616
505.515
548.724
759.58
789.652
916.553
1163.01
1882.48
1768.29
1229.59
1204.86
1242.88
1069.72
1014.17
734.543
726.43
956.485
1086.75
1179
1143.14
1251.42
662.889
74.8094
134.214
134.559
159.337
144.614
229.558
245.032
304.675
359.691
419.721
436.787
446.205
595.094
691.337
453.767
277.041
292.644
596.355
686.188
795.158
801.548
922.869
1201.75
1901.01
1777.39
1218.75
1122.74
1111.34
941.056
914.192
626.835
559.499
771.757
894.097
979.78
933.911
1055.66
467.075
40.8383
60.1471
110.557
104.469
163.419
199.937
237.861
299.3
381.245
391.803
396.783
537.847
647.591
408.736
288.5
334.163
641.782
732.646
807.857
805.711
912.526
1207.52
1889.49
1761.6
1202.68
1093.83
1055.81
864.911
854.387
586.189
509.64
694.385
817.127
902.422
867.926
981.404
416.533
19.323
72.4752
41.9347
105.582
129.427
170.238
239.246
316.629
324.879
325.824
471.916
578.458
359.496
265.234
318.383
620.829
702.406
762.921
751.633
861.18
1150.76
1828.13
1700.16
1136.69
1018.72
982.269
799.925
788.205
511.871
433.285
632.379
759.7
852.215
829.274
962.913
417.041
62.5245
48.0818
80.4854
121.507
149.009
212.578
300.806
307.384
310.116
448.395
560.395
326.79
245.936
324.085
616.359
703.436
752.325
742.289
841.168
1141.35
1811.42
1681.86
1121.85
1007.92
966.793
775.712
763.798
498.12
425.299
620.663
750.202
845.531
827.74
966.723
424.352
11.0353
43.0641
93.6674
126.238
178.746
263.383
275.005
283.191
420.804
531.013
285.754
189.854
261.027
554.973
644.282
698.157
693.101
792.767
1094.07
1769.7
1640.93
1084.53
983.674
956.828
762.812
739.548
477.977
425.613
634.618
768.991
870.395
861.734
1006.61
471.771
45.8983
90.2885
133.331
174.516
251.052
267.159
279.042
417.459
523.688
272.952
162.31
230.517
523.477
614.096
670.948
668.955
770.589
1070.83
1751.16
1623.29
1068.87
976.774
962.836
771.004
737.824
475.849
438.922
663.049
800.818
907.015
905.132
1057.48
527.483
4.62681
64.0688
119.893
183.536
196.71
205.158
352.387
453.175
235.798
153.717
203.548
495.856
569.685
623.805
610.784
723.512
1010.17
1690.52
1563.42
1001.38
897.256
882.482
700.807
671.748
395.017
354.148
584.735
723.087
831.004
834.113
991.336
479.401
5.52539
50.2863
137.197
147.819
156.709
291.973
402.554
169.781
138.129
209.23
483.794
554.976
592.491
577.66
676.903
975.829
1645.24
1515.89
957.823
858.084
837.448
640.326
611.259
355.179
323.637
547.345
689.034
802.554
815.651
979.387
482.725
48.3426
106.719
115.082
119.378
269.344
369.284
172.51
137.525
223.878
482.661
544.893
576.751
552.661
660.506
947.179
1618.01
1489.85
925.008
812.779
795.749
616.931
587.515
308.605
273.203
517.179
659.193
774.051
790.9
964.087
478.132
81.413
78.297
76.3198
216.46
326.263
143.339
173.983
245.838
497.587
548.5
569.426
536.69
637.885
926.303
1586.42
1456.53
891.391
775.838
747.387
554.529
532.933
268.308
235.742
464.338
608.698
728.172
753.268
928.988
466.371
13.1682
8.213
127.972
241.656
28.5715
108.1
183.246
407.708
452.811
464.761
435.984
527.136
827.401
1484.79
1354.13
796.635
703.017
693.551
489.343
447.434
213.056
214.354
461.551
610.073
739.446
778.841
968.381
516.021
16.3738
141.53
233.084
55.9729
109.927
212.603
405.211
441.05
448.977
413.82
515.744
804.637
1470.07
1341.45
779.645
686.476
696.609
510.71
456.891
200.219
234.16
510.11
658.854
791.831
839.775
1038.69
599.744
131.409
227.441
62.2605
141.756
254.589
443.443
475.082
476.335
435.364
531.593
820.743
1478.56
1349.05
784.959
681.118
679.901
495.19
448.438
185.92
206.801
483.108
631.432
763.613
811.694
1012.39
576.963
91.4496
43.432
163.761
236.148
409.492
423.144
412.823
343.699
444.973
709.186
1360.34
1231.18
659.115
538.71
532.574
341.935
307.405
49.1875
86.731
353.792
503.591
646.18
707.279
917.064
531.914
-14.7156
222.673
788.47
886.479
1473.51
1902.64
1845.83
1508.84
1447.65
1367.04
1278.27
662.889
467.075
416.533
417.041
424.352
471.771
527.483
479.401
482.725
478.132
466.371
516.021
599.744
576.963
531.914
593.394
670.234
554.263
630.666
776.235
1025.71
1077
1066.99
1009.29
1063.48
1337.63
1875.01
1733.56
1167.51
963.932
717.986
585.992
743.33
515.186
348.694
314.003
293.201
231.198
79.0691
0
535.226
438.443
1114.41
1629.2
1565.09
1336.62
1271.23
1126.53
1042.47
553.267
397.548
378.805
423.441
441.825
490.916
553.206
524.251
546.894
563.097
564.371
634.997
727.925
716.689
680.907
793.916
904.326
743.193
706.148
813.662
1099.95
1187.89
1215.76
1180.78
1269.8
1548.81
2173.34
2040.38
1464.81
1235.5
1094.34
960.212
1044.09
786.96
565.191
597.375
614.846
618.119
380.784
442.618
5.68434e-14
7.49627
457.71
1039.79
1075.35
892.795
930.968
726.915
614.365
355.942
418.96
437.593
550.289
568.946
598.457
653.156
662.976
689.289
737.42
751.122
801.633
905.977
907.079
905.919
1026.95
1121.55
876.595
756.914
826.708
1093.02
1259.22
1322.7
1335.15
1392.32
1729.33
2374.1
2237.79
1694.14
1566.75
1423.61
1223.45
1283.98
1050.72
922.847
981.548
1030.33
1025.44
870.264
812.375
222.673
316.836
770.942
803.018
544.459
642.825
464.84
294.642
65.3445
389.694
488.448
624.147
666.252
667.708
701.931
715.034
770.612
817.334
856.91
899.759
982.002
1000.4
1012.05
1159.63
1252.57
972.851
760.725
757.413
1009.27
1154.45
1300.17
1334.69
1421.36
1724.21
2433.54
2310.33
1778.03
1709.12
1682.34
1479.35
1461.39
1207.87
1133.11
1295.77
1399.62
1456.16
1362.35
1403.89
788.47
532.146
503.34
445.798
485.85
239.203
203.696
98.0075
411.919
563.752
684.266
736.838
733.748
759.802
764.968
834.918
868.228
920.63
963.304
1032.05
1053.19
1067.39
1221.19
1307.82
1026.43
794.853
773.43
992.233
1152.67
1315.82
1356.25
1442.83
1735.91
2453.94
2334.29
1806.81
1747.75
1740.66
1559.75
1526.43
1254.23
1180.13
1367.53
1469.89
1530.11
1407.15
1486.21
886.479
294.106
317.482
646.06
442.08
422.69
525.545
1032.15
1149.89
1282.34
1323.25
1312.16
1336.12
1353.18
1405.21
1455.66
1496.27
1520.67
1597.65
1623.14
1637.02
1774
1861.37
1558.78
1324.62
1255.05
1397.41
1603.24
1795.1
1854.18
1895.74
2178.01
2910.29
2797.77
2320.56
2311.95
2328.41
2114.7
2067.29
1836.55
1796.06
1976.35
2086.9
2147.92
2049.68
2087.87
1473.51
0.296309
489.313
454.334
480.95
665.511
1304.04
1442.87
1557.37
1595.52
1565.27
1572.04
1586.66
1635.66
1680.72
1724.92
1724.3
1783.1
1816.89
1829.62
1948.77
2022.26
1713.52
1469.8
1350.37
1390.38
1571.8
1831.15
1900.05
1919.76
2136.38
2873.87
2777.48
2349.45
2418.99
2512.89
2310.73
2220.93
2007.82
2035.73
2261.69
2394.17
2484.38
2435.24
2512.95
1902.64
227.896
249.337
352.412
570.036
1195.48
1366.01
1461.01
1500.18
1467.09
1465.86
1474.49
1532.95
1561
1618.88
1616.27
1657.27
1691.24
1711.6
1834.49
1888.04
1582.51
1326.01
1246.77
1282.77
1375.09
1679.14
1742.95
1798.61
1990.57
2705.49
2611.33
2156.78
2254.13
2359.11
2196.1
2098.62
1847.33
1902.33
2156.48
2291.24
2387.81
2342
2454.93
1845.83
94.9485
94.9512
191.228
846.021
978.919
1075.05
1108.26
1065.55
1062.08
1072.61
1112.92
1155.64
1195.46
1176.98
1226.96
1264.45
1270.88
1373.33
1441.18
1136.55
906.806
755.368
756.847
935.708
1204.59
1274.85
1286.73
1492.58
2227.48
2132.28
1714.53
1805
1930.08
1734.71
1627.84
1434.16
1498.31
1743.75
1886.28
1995.52
1983.54
2094.29
1508.84
154.797
242.307
772.176
937.721
1007.13
1037.32
993.83
981.72
987.322
1037.66
1058.4
1116.29
1096.53
1125.61
1161.4
1181.3
1289.73
1329.74
1025.98
777.687
704.799
711.933
776.464
1091.27
1154.3
1213.93
1397.72
2110.83
2015.23
1558.17
1668.46
1790.79
1642.14
1533.61
1285.78
1380.2
1654.85
1796.37
1906.39
1893.02
2038.28
1447.65
139.065
703.509
879.529
965.874
1004.02
970.059
967.344
974.928
1034.91
1060.67
1120.22
1119.72
1160.95
1194.12
1215.25
1342.88
1399.93
1095.36
836.269
769.298
852.353
967.618
1230.67
1291.3
1361.29
1589.88
2318.1
2213.98
1734.96
1787.87
1873.61
1705.03
1615.1
1360.16
1401.89
1655.61
1790.4
1888.17
1847.72
1971.75
1367.04
633.146
799.268
901.071
942.519
914.478
919.258
929.106
990.903
1022.87
1079.48
1090.07
1140.64
1171.64
1191.79
1328.33
1395.12
1092.98
834.551
778.671
916.295
1028.4
1271.81
1327.34
1409.87
1655.48
2383.13
2274.97
1778.43
1804.16
1868.92
1690.33
1613.99
1356.43
1371.15
1608.13
1738.85
1829.97
1780.31
1886.15
1278.27
143.317
247.246
288.778
265.352
275.658
282.782
352.269
380.133
439.563
467.568
519.208
545.58
565.425
715.532
788.338
510.295
272.832
270.616
505.515
548.724
759.58
789.652
916.553
1163.01
1882.48
1768.29
1229.59
1204.86
1242.88
1069.72
1014.17
734.543
726.43
956.485
1086.75
1179
1143.14
1251.42
662.889
74.8094
134.214
134.559
159.337
144.614
229.558
245.032
304.675
359.691
419.721
436.787
446.205
606.19
695.329
453.396
277.041
292.644
596.355
686.188
795.158
801.548
922.869
1201.75
1901.01
1777.39
1218.75
1122.74
1111.34
941.056
914.192
626.835
559.499
771.757
894.097
979.78
933.911
1055.66
467.075
40.8383
60.1471
110.557
104.469
163.419
199.937
237.861
299.3
381.245
391.803
396.783
549.4
647.133
412.356
288.5
334.163
641.782
732.646
807.857
805.711
912.526
1207.52
1889.49
1761.6
1202.68
1093.83
1055.81
864.911
854.387
586.189
509.64
694.385
817.127
902.422
867.926
981.404
416.533
19.323
72.4752
41.9347
105.582
129.427
170.238
239.246
316.629
324.879
325.824
481.566
580.361
362.66
265.234
318.383
620.829
702.406
762.921
751.633
861.18
1150.76
1828.13
1700.16
1136.69
1018.72
982.269
799.925
788.205
511.871
433.285
632.379
759.7
852.215
829.274
962.913
417.041
62.5245
48.0818
80.4854
121.507
149.009
212.578
300.806
307.384
310.116
459.733
558.707
331.856
245.936
324.085
616.359
703.436
752.325
742.289
841.168
1141.35
1811.42
1681.86
1121.85
1007.92
966.793
775.712
763.798
498.12
425.299
620.663
750.202
845.531
827.74
966.723
424.352
11.0353
43.0641
93.6674
126.238
178.746
263.383
275.005
283.191
433.833
529.323
289.131
189.854
261.027
554.973
644.282
698.157
693.101
792.767
1094.07
1769.7
1640.93
1084.53
983.674
956.828
762.812
739.548
477.977
425.613
634.618
768.991
870.395
861.734
1006.61
471.771
45.8983
90.2885
133.331
174.516
251.052
267.159
279.042
431.254
522.922
274.639
162.31
230.517
523.477
614.096
670.948
668.955
770.589
1070.83
1751.16
1623.29
1068.87
976.774
962.836
771.004
737.824
475.849
438.922
663.049
800.818
907.015
905.132
1057.48
527.483
4.62681
64.0688
119.893
183.536
196.71
205.158
363.53
455.828
236.719
153.717
203.548
495.856
569.685
623.805
610.784
723.512
1010.17
1690.52
1563.42
1001.38
897.256
882.482
700.807
671.748
395.017
354.148
584.735
723.087
831.004
834.113
991.336
479.401
5.52539
50.2863
137.197
147.819
156.709
305.344
400.326
173.354
138.129
209.23
483.794
554.976
592.491
577.66
676.903
975.829
1645.24
1515.89
957.823
858.084
837.448
640.326
611.259
355.179
323.637
547.345
689.034
802.554
815.651
979.387
482.725
48.3426
106.719
115.082
119.378
279.154
372.844
173.856
137.525
223.878
482.661
544.893
576.751
552.661
660.506
947.179
1618.01
1489.85
925.008
812.779
795.749
616.931
587.515
308.605
273.203
517.179
659.193
774.051
790.9
964.087
478.132
81.413
78.297
76.3198
226.497
326.036
148.245
173.983
245.838
497.587
548.5
569.426
536.69
637.885
926.303
1586.42
1456.53
891.391
775.838
747.387
554.529
532.933
268.308
235.742
464.338
608.698
728.172
753.268
928.988
466.371
13.1682
8.213
143.038
236.627
33.2497
108.1
183.246
407.708
452.811
464.761
435.984
527.136
827.401
1484.79
1354.13
796.635
703.017
693.551
489.343
447.434
213.056
214.354
461.551
610.073
739.446
778.841
968.381
516.021
16.3738
155.267
234.414
55.6218
109.927
212.603
405.211
441.05
448.977
413.82
515.744
804.637
1470.07
1341.45
779.645
686.476
696.609
510.71
456.891
200.219
234.16
510.11
658.854
791.831
839.775
1038.69
599.744
143.382
229.205
63.2388
141.756
254.589
443.443
475.082
476.335
435.364
531.593
820.743
1478.56
1349.05
784.959
681.118
679.901
495.19
448.438
185.92
206.801
483.108
631.432
763.613
811.694
1012.39
576.963
103.423
46.1746
163.761
236.148
409.492
423.144
412.823
343.699
444.973
709.186
1360.34
1231.18
659.115
538.71
532.574
341.935
307.405
49.1875
86.731
353.792
503.591
646.18
707.279
917.064
531.914
14.7156
257.929
312.403
415.587
400.239
359.499
250.227
323.809
574.696
1198.21
1066.65
493.9
380.885
391.002
176.214
120.568
10.8756
37.3789
317.7
459.267
616.397
699.101
933.7
593.394
301.966
383.956
456.424
408.123
365.777
264.346
309.38
582.159
1186.12
1052.68
485.935
381.005
401.141
221.348
136.416
-41.2066
222.673
788.47
886.479
1473.51
1902.64
1845.83
1508.84
1447.65
1367.04
1278.27
662.889
467.075
416.533
417.041
424.352
471.771
527.483
479.401
482.725
478.132
466.371
516.021
599.744
576.963
531.914
593.394
731.422
772.497
662.144
735.431
858.917
1175.56
1742.83
1866.67
1250.31
1066.26
970.979
1053.25
1043.41
1011.56
737.515
686.009
633.588
556.875
348.694
314.003
293.201
231.198
79.0691
0
535.226
438.443
1114.41
1629.2
1565.09
1336.62
1271.23
1126.53
1042.47
553.267
397.548
378.805
423.441
441.825
490.916
553.206
524.251
546.894
563.097
564.371
634.997
727.925
716.689
680.907
793.916
966.822
1041.4
944.9
1094.57
1253.19
1465.06
2040.24
2173.51
1541.16
1273.28
1171.8
1211.47
1165.4
1101.85
796.374
740.27
762.88
766.978
565.191
597.375
614.846
618.119
380.784
442.618
5.68434e-14
7.49627
457.71
1039.79
1075.35
892.795
930.968
726.915
614.365
355.942
418.96
437.593
550.289
568.946
598.457
653.156
662.976
689.289
737.42
751.122
801.633
905.977
907.079
905.919
1026.95
1209.44
1322.64
1289.24
1407.9
1464.58
1662.37
2240.97
2361.5
1667.86
1433.15
1292.01
1309.58
1179.05
1130.28
830.305
819.863
959.076
1029.43
922.847
981.548
1030.33
1025.44
870.264
812.375
222.673
316.836
770.942
803.018
544.459
642.825
464.84
294.642
65.3445
389.694
488.448
624.147
666.252
667.708
701.931
715.034
770.612
817.334
856.91
899.759
982.002
1000.4
1012.05
1159.63
1339.64
1474.08
1497.88
1668.14
1682.42
1763.5
2309.83
2430.46
1717.54
1435
1325.75
1298.09
1138.2
1020.13
767.57
770.689
990.768
1161.19
1133.11
1295.77
1399.62
1456.16
1362.35
1403.89
788.47
532.146
503.34
445.798
485.85
239.203
203.696
98.0075
411.919
563.752
684.266
736.838
733.748
759.802
764.968
834.918
868.228
920.63
963.304
1032.05
1053.19
1067.39
1221.19
1395.32
1523.26
1551.86
1747.67
1752.42
1802.49
2333.82
2451.92
1732.04
1451.86
1352.42
1314.64
1126.55
1015.13
781.577
796.39
1025.58
1208.38
1180.13
1367.53
1469.89
1530.11
1407.15
1486.21
886.479
294.106
317.482
646.06
442.08
422.69
525.545
1032.15
1149.89
1282.34
1323.25
1312.16
1336.12
1353.18
1405.21
1455.66
1496.27
1520.67
1597.65
1623.14
1637.02
1774
1938.51
2089.27
2140.5
2300.19
2265.81
2270.77
2792.67
2899.91
2179.79
1944.59
1836.71
1792.51
1534.95
1465.71
1301.65
1328.05
1580.39
1790.26
1796.06
1976.35
2086.9
2147.92
2049.68
2087.87
1473.51
0.296309
489.313
454.334
480.95
665.511
1304.04
1442.87
1557.37
1595.52
1565.27
1572.04
1586.66
1635.66
1680.72
1724.92
1724.3
1783.1
1816.89
1829.62
1948.77
2081.97
2237.53
2327.4
2481.59
2390.64
2305.37
2771.73
2866.89
2153.18
1959.08
1892.82
1831.95
1527.91
1446.12
1396.8
1457.75
1718.24
1971.88
2035.73
2261.69
2394.17
2484.38
2435.24
2512.95
1902.64
227.896
249.337
352.412
570.036
1195.48
1366.01
1461.01
1500.18
1467.09
1465.86
1474.49
1532.95
1561
1618.88
1616.27
1657.27
1691.24
1711.6
1834.49
1958.39
2089.63
2188.25
2376.38
2270.4
2189.05
2616.09
2711.26
1975.91
1769.89
1747.24
1678.34
1408.45
1240.34
1218.64
1334.07
1581.42
1828.82
1902.33
2156.48
2291.24
2387.81
2342
2454.93
1845.83
94.9485
94.9512
191.228
846.021
978.919
1075.05
1108.26
1065.55
1062.08
1072.61
1112.92
1155.64
1195.46
1176.98
1226.96
1264.45
1270.88
1373.33
1487.47
1645.08
1749.8
1893.72
1779.6
1672.97
2127.56
2222.16
1507.4
1326.22
1269.21
1206.4
891.596
819.505
819.5
881.149
1134.14
1405.02
1498.31
1743.75
1886.28
1995.52
1983.54
2094.29
1508.84
154.797
242.307
772.176
937.721
1007.13
1037.32
993.83
981.72
987.322
1037.66
1058.4
1116.29
1096.53
1125.61
1161.4
1181.3
1289.73
1395.77
1520.18
1631.78
1818.94
1690.2
1602.2
2020.94
2117.8
1380.3
1171.82
1159.71
1089.46
828.135
642.147
651.906
798.642
1029.41
1280.69
1380.2
1654.85
1796.37
1906.39
1893.02
2038.28
1447.65
139.065
703.509
879.529
965.874
1004.02
970.059
967.344
974.928
1034.91
1060.67
1120.22
1119.72
1160.95
1194.12
1215.25
1342.88
1474.56
1606.86
1696.81
1888.46
1801.22
1751.2
2215.53
2320.41
1587.19
1345.52
1295.51
1230.75
986.67
829.325
742.426
843.635
1092.56
1335.34
1401.89
1655.61
1790.4
1888.17
1847.72
1971.75
1367.04
633.146
799.268
901.071
942.519
914.478
919.258
929.106
990.903
1022.87
1079.48
1090.07
1140.64
1171.64
1191.79
1328.33
1474.17
1608.62
1685.49
1876.54
1815.1
1794.4
2276.7
2386.4
1654.23
1393.12
1332.37
1272.39
1054.59
888.597
760.214
836.693
1089.47
1323
1371.15
1608.13
1738.85
1829.97
1780.31
1886.15
1278.27
143.317
247.246
288.778
265.352
275.658
282.782
352.269
380.133
439.563
467.568
519.208
545.58
565.425
715.532
875.565
998.216
1056.67
1258.68
1239.35
1270.01
1771.05
1891.91
1178.92
867.158
814.521
765.95
645.314
426.697
214.81
255.381
485.941
696.707
726.43
956.485
1086.75
1179
1143.14
1251.42
662.889
74.8094
134.214
134.559
159.337
144.614
229.558
245.032
304.675
359.691
419.721
436.787
446.205
606.19
782.279
898.558
922.374
1126.27
1153.6
1235.94
1777.38
1905.31
1218.73
903.58
818.859
800.454
718.382
583.349
292.276
240.287
418.365
580.815
559.499
771.757
894.097
979.78
933.911
1055.66
467.075
40.8383
60.1471
110.557
104.469
163.419
199.937
237.861
299.3
381.245
391.803
396.783
549.4
734.393
856.729
870.599
1051.57
1089.48
1202.97
1761.57
1889.81
1210.7
909.721
808.952
809.421
744.621
638.242
340.857
271.033
409.192
540.446
509.64
694.385
817.127
902.422
867.926
981.404
416.533
19.323
72.4752
41.9347
105.582
129.427
170.238
239.246
316.629
324.879
325.824
481.566
666.016
783.712
795.607
985.054
1027.55
1141.27
1699.93
1829.55
1158.98
855.207
759.211
765.642
715.233
619.308
328.364
241.967
345.126
465.818
433.285
632.379
759.7
852.215
829.274
962.913
417.041
62.5245
48.0818
80.4854
121.507
149.009
212.578
300.806
307.384
310.116
459.733
645.803
768.31
781.664
962.635
999.299
1118.62
1682.03
1810.51
1136.72
844.258
738.316
751.123
699.457
616.55
322.352
251.963
342.908
453.671
425.299
620.663
750.202
845.531
827.74
966.723
424.352
11.0353
43.0641
93.6674
126.238
178.746
263.383
275.005
283.191
433.833
617.289
744.946
769.906
951.168
973.83
1080.75
1641.06
1768.76
1089.86
795.953
689.323
697.15
641.859
555.035
261.975
192.159
300.783
432.087
425.613
634.618
768.991
870.395
861.734
1006.61
471.771
45.8983
90.2885
133.331
174.516
251.052
267.159
279.042
431.254
610.988
740.647
774.48
959.773
971.792
1066.77
1623.33
1750.67
1068.7
772.399
666.9
670.395
612.723
523.515
231.178
163.709
281.039
429.089
438.922
663.049
800.818
907.015
905.132
1057.48
527.483
4.62681
64.0688
119.893
183.536
196.71
205.158
363.53
542.755
664.151
693.713
888.299
911.387
1008.96
1563.14
1692.62
1021.94
714.473
622.366
627.91
586.437
495.846
220.526
117.989
206.778
348.157
354.148
584.735
723.087
831.004
834.113
991.336
479.401
5.52539
50.2863
137.197
147.819
156.709
305.344
488.35
618.36
649.956
829.178
846.123
954.131
1516.04
1644.4
972.596
678.806
575.365
592.344
557.632
484.56
223.688
120.293
183.87
309.459
323.637
547.345
689.034
802.554
815.651
979.387
482.725
48.3426
106.719
115.082
119.378
279.154
458.635
578.234
606.897
804.104
828.96
931.639
1489.49
1619.83
957.528
654.199
562.067
579.752
553.077
483.984
226.462
128.116
143.644
261.789
273.203
517.179
659.193
774.051
790.9
964.087
478.132
81.413
78.297
76.3198
226.497
412.007
535.147
560.214
742.627
772.532
892.043
1456.44
1586.78
930.865
635.129
542.335
572.175
558.496
502.037
269.746
142.125
130.608
223.723
235.742
464.338
608.698
728.172
753.268
928.988
466.371
13.1682
8.213
143.038
324.343
462.062
505.453
677.872
680.43
789.079
1354.53
1482.95
818.31
531.534
429.277
463.741
454.171
411.087
211.812
76.6247
58.608
168.293
214.354
461.551
610.073
739.446
778.841
968.381
516.021
16.3738
155.267
322.455
452.691
508.08
699.597
693.582
783.549
1341.25
1471.11
811.61
511.679
421.22
451.64
446.935
408.499
216.548
105.114
26.0076
153.71
234.16
510.11
658.854
791.831
839.775
1038.69
599.744
143.382
316.547
444.001
491.013
684.145
687.887
787.445
1348.89
1479.2
824.551
529.888
438.515
477.124
475.994
443.252
249.246
147.158
51.7425
139.085
206.801
483.108
631.432
763.613
811.694
1012.39
576.963
178.886
299.36
343.619
530.724
552.788
667.248
1230.18
1363.19
735.828
436.776
371.063
423.485
441.322
430.346
271.192
136.188
-60.7793
222.673
788.47
886.479
1473.51
1902.64
1845.83
1508.84
1447.65
1367.04
1278.27
662.889
467.075
416.533
417.041
424.352
471.771
527.483
479.401
482.725
478.132
466.371
516.021
599.744
576.963
557.384
630.666
776.235
1025.71
1077
1066.99
1009.29
1063.48
1337.63
1875.01
1733.56
1167.51
963.932
717.986
585.992
743.33
695.225
558.481
599.011
556.875
348.694
314.003
293.201
231.198
79.0691
0
535.226
438.443
1114.41
1629.2
1565.09
1336.62
1271.23
1126.53
1042.47
553.267
397.548
378.805
423.441
441.825
490.916
553.206
524.251
546.894
563.097
564.371
634.997
727.925
716.689
686.387
706.148
813.662
1099.95
1187.89
1215.76
1180.78
1269.8
1548.81
2173.34
2040.38
1464.81
1235.5
1094.34
960.212
1044.09
966.857
792.875
798.19
766.978
565.191
597.375
614.846
618.119
380.784
442.618
5.68434e-14
7.49627
457.71
1039.79
1075.35
892.795
930.968
726.915
614.365
355.942
418.96
437.593
550.289
568.946
598.457
653.156
662.976
689.289
737.42
751.122
801.633
905.977
907.079
812.922
756.914
826.708
1093.02
1259.22
1322.7
1335.15
1392.32
1729.33
2374.1
2237.79
1694.14
1566.75
1423.61
1223.45
1283.98
1200.89
1026.1
1014.38
1029.43
922.847
981.548
1030.33
1025.44
870.264
812.375
222.673
316.836
770.942
803.018
544.459
642.825
464.84
294.642
65.3445
389.694
488.448
624.147
666.252
667.708
701.931
715.034
770.612
817.334
856.91
899.759
982.002
1000.4
891.903
760.725
757.413
1009.27
1154.45
1300.17
1334.69
1421.36
1724.21
2433.54
2310.33
1778.03
1709.12
1682.34
1479.35
1461.39
1342.97
1166.35
1144.54
1161.19
1133.11
1295.77
1399.62
1456.16
1362.35
1403.89
788.47
532.146
503.34
445.798
485.85
239.203
203.696
98.0075
411.919
563.752
684.266
736.838
733.748
759.802
764.968
834.918
868.228
920.63
963.304
1032.05
1053.19
950.671
794.853
773.43
992.233
1152.67
1315.82
1356.25
1442.83
1735.91
2453.94
2334.29
1806.81
1747.75
1740.66
1559.75
1526.43
1394.48
1219.02
1206.51
1208.38
1180.13
1367.53
1469.89
1530.11
1407.15
1486.21
886.479
294.106
317.482
646.06
442.08
422.69
525.545
1032.15
1149.89
1282.34
1323.25
1312.16
1336.12
1353.18
1405.21
1455.66
1496.27
1520.67
1597.65
1623.14
1481.28
1324.62
1255.05
1397.41
1603.24
1795.1
1854.18
1895.74
2178.01
2910.29
2797.77
2320.56
2311.95
2328.41
2114.7
2067.29
1950.31
1789.99
1757.88
1790.26
1796.06
1976.35
2086.9
2147.92
2049.68
2087.87
1473.51
0.296309
489.313
454.334
480.95
665.511
1304.04
1442.87
1557.37
1595.52
1565.27
1572.04
1586.66
1635.66
1680.72
1724.92
1724.3
1783.1
1816.89
1652.83
1469.8
1350.37
1390.38
1571.8
1831.15
1900.05
1919.76
2136.38
2873.87
2777.48
2349.45
2418.99
2512.89
2310.73
2220.93
2097.29
1967.21
1934.76
1971.88
2035.73
2261.69
2394.17
2484.38
2435.24
2512.95
1902.64
227.896
249.337
352.412
570.036
1195.48
1366.01
1461.01
1500.18
1467.09
1465.86
1474.49
1532.95
1561
1618.88
1616.27
1657.27
1691.24
1544.41
1326.01
1246.77
1282.77
1375.09
1679.14
1742.95
1798.61
1990.57
2705.49
2611.33
2156.78
2254.13
2359.11
2196.1
2098.62
1949.26
1824.48
1818.98
1828.82
1902.33
2156.48
2291.24
2387.81
2342
2454.93
1845.83
94.9485
94.9512
191.228
846.021
978.919
1075.05
1108.26
1065.55
1062.08
1072.61
1112.92
1155.64
1195.46
1176.98
1226.96
1264.45
1086.16
906.806
755.368
756.847
935.708
1204.59
1274.85
1286.73
1492.58
2227.48
2132.28
1714.53
1805
1930.08
1734.71
1627.84
1507.23
1397.56
1362.11
1405.02
1498.31
1743.75
1886.28
1995.52
1983.54
2094.29
1508.84
154.797
242.307
772.176
937.721
1007.13
1037.32
993.83
981.72
987.322
1037.66
1058.4
1116.29
1096.53
1125.61
1161.4
1007.67
777.687
704.799
711.933
776.464
1091.27
1154.3
1213.93
1397.72
2110.83
2015.23
1558.17
1668.46
1790.79
1642.14
1533.61
1379.65
1271.6
1274.9
1280.69
1380.2
1654.85
1796.37
1906.39
1893.02
2038.28
1447.65
139.065
703.509
879.529
965.874
1004.02
970.059
967.344
974.928
1034.91
1060.67
1120.22
1119.72
1160.95
1194.12
1053.33
836.269
769.298
852.353
967.618
1230.67
1291.3
1361.29
1589.88
2318.1
2213.98
1734.96
1787.87
1873.61
1705.03
1615.1
1467.04
1332.88
1326.97
1335.34
1401.89
1655.61
1790.4
1888.17
1847.72
1971.75
1367.04
633.146
799.268
901.071
942.519
914.478
919.258
929.106
990.903
1022.87
1079.48
1090.07
1140.64
1171.64
1038.06
834.551
778.671
916.295
1028.4
1271.81
1327.34
1409.87
1655.48
2383.13
2274.97
1778.43
1804.16
1868.92
1690.33
1613.99
1470.01
1323.4
1312.17
1323
1371.15
1608.13
1738.85
1829.97
1780.31
1886.15
1278.27
143.317
247.246
288.778
265.352
275.658
282.782
352.269
380.133
439.563
467.568
519.208
545.58
449.475
272.832
270.616
505.515
548.724
759.58
789.652
916.553
1163.01
1882.48
1768.29
1229.59
1204.86
1242.88
1069.72
1014.17
866.302
703.19
700.446
696.707
726.43
956.485
1086.75
1179
1143.14
1251.42
662.889
74.8094
134.214
134.559
159.337
144.614
229.558
245.032
304.675
359.691
419.721
436.787
378.33
277.041
292.644
596.355
686.188
795.158
801.548
922.869
1201.75
1901.01
1777.39
1218.75
1122.74
1111.34
941.056
914.192
778.564
597.138
595.094
580.815
559.499
771.757
894.097
979.78
933.911
1055.66
467.075
40.8383
60.1471
110.557
104.469
163.419
199.937
237.861
299.3
381.245
391.803
330.773
288.5
334.163
641.782
732.646
807.857
805.711
912.526
1207.52
1889.49
1761.6
1202.68
1093.83
1055.81
864.911
854.387
734.54
550.241
537.847
540.446
509.64
694.385
817.127
902.422
867.926
981.404
416.533
19.323
72.4752
41.9347
105.582
129.427
170.238
239.246
316.629
324.879
281.117
265.234
318.383
620.829
702.406
762.921
751.633
861.18
1150.76
1828.13
1700.16
1136.69
1018.72
982.269
799.925
788.205
665.717
479.698
471.916
465.818
433.285
632.379
759.7
852.215
829.274
962.913
417.041
62.5245
48.0818
80.4854
121.507
149.009
212.578
300.806
307.384
250.874
245.936
324.085
616.359
703.436
752.325
742.289
841.168
1141.35
1811.42
1681.86
1121.85
1007.92
966.793
775.712
763.798
646.051
461.526
448.395
453.671
425.299
620.663
750.202
845.531
827.74
966.723
424.352
11.0353
43.0641
93.6674
126.238
178.746
263.383
275.005
207.551
189.854
261.027
554.973
644.282
698.157
693.101
792.767
1094.07
1769.7
1640.93
1084.53
983.674
956.828
762.812
739.548
618.11
436.889
420.804
432.087
425.613
634.618
768.991
870.395
861.734
1006.61
471.771
45.8983
90.2885
133.331
174.516
251.052
267.159
194.213
162.31
230.517
523.477
614.096
670.948
668.955
770.589
1070.83
1751.16
1623.29
1068.87
976.774
962.836
771.004
737.824
611.654
433.276
417.459
429.089
438.922
663.049
800.818
907.015
905.132
1057.48
527.483
4.62681
64.0688
119.893
183.536
196.71
157.834
153.717
203.548
495.856
569.685
623.805
610.784
723.512
1010.17
1690.52
1563.42
1001.38
897.256
882.482
700.807
671.748
541.241
358.617
352.387
348.157
354.148
584.735
723.087
831.004
834.113
991.336
479.401
5.52539
50.2863
137.197
147.819
91.7884
138.129
209.23
483.794
554.976
592.491
577.66
676.903
975.829
1645.24
1515.89
957.823
858.084
837.448
640.326
611.259
489.481
310.197
291.973
309.459
323.637
547.345
689.034
802.554
815.651
979.387
482.725
48.3426
106.719
115.082
94.3059
137.525
223.878
482.661
544.893
576.751
552.661
660.506
947.179
1618.01
1489.85
925.008
812.779
795.749
616.931
587.515
457.307
273.078
269.344
261.789
273.203
517.179
659.193
774.051
790.9
964.087
478.132
81.413
78.297
67.7354
173.983
245.838
497.587
548.5
569.426
536.69
637.885
926.303
1586.42
1456.53
891.391
775.838
747.387
554.529
532.933
412.055
227.419
216.46
223.723
235.742
464.338
608.698
728.172
753.268
928.988
466.371
13.1682
-46.5299
222.673
788.47
886.479
1473.51
1902.64
1845.83
1508.84
1447.65
1367.04
1278.27
662.889
467.075
416.533
417.041
424.352
471.771
527.483
479.401
482.725
478.132
466.371
512.732
574.866
589.55
619.494
630.666
776.235
1025.71
1077
1066.99
1009.29
1063.48
1337.63
1875.01
1733.56
1167.51
963.932
717.986
585.992
743.33
695.225
558.481
599.011
556.875
348.694
314.003
293.201
231.198
79.0691
0
535.226
438.443
1114.41
1629.2
1565.09
1336.62
1271.23
1126.53
1042.47
553.267
397.548
378.805
423.441
441.825
490.916
553.206
524.251
546.894
563.097
564.371
636.637
715.338
724.349
736.205
706.148
813.662
1099.95
1187.89
1215.76
1180.78
1269.8
1548.81
2173.34
2040.38
1464.81
1235.5
1094.34
960.212
1044.09
966.857
792.875
798.19
766.978
565.191
597.375
614.846
618.119
380.784
442.618
5.68434e-14
7.49627
457.71
1039.79
1075.35
892.795
930.968
726.915
614.365
355.942
418.96
437.593
550.289
568.946
598.457
653.156
662.976
689.289
737.42
751.122
825.943
898.318
892.067
857.813
756.914
826.708
1093.02
1259.22
1322.7
1335.15
1392.32
1729.33
2374.1
2237.79
1694.14
1566.75
1423.61
1223.45
1283.98
1200.89
1026.1
1014.38
1029.43
922.847
981.548
1030.33
1025.44
870.264
812.375
222.673
316.836
770.942
803.018
544.459
642.825
464.84
294.642
65.3445
389.694
488.448
624.147
666.252
667.708
701.931
715.034
770.612
817.334
856.91
931.112
997.014
978.348
914.123
760.725
757.413
1009.27
1154.45
1300.17
1334.69
1421.36
1724.21
2433.54
2310.33
1778.03
1709.12
1682.34
1479.35
1461.39
1342.97
1166.35
1144.54
1161.19
1133.11
1295.77
1399.62
1456.16
1362.35
1403.89
788.47
532.146
503.34
445.798
485.85
239.203
203.696
98.0075
411.919
563.752
684.266
736.838
733.748
759.802
764.968
834.918
868.228
920.63
992.986
1054.11
1032.81
965.849
794.853
773.43
992.233
1152.67
1315.82
1356.25
1442.83
1735.91
2453.94
2334.29
1806.81
1747.75
1740.66
1559.75
1526.43
1394.48
1219.02
1206.51
1208.38
1180.13
1367.53
1469.89
1530.11
1407.15
1486.21
886.479
294.106
317.482
646.06
442.08
422.69
525.545
1032.15
1149.89
1282.34
1323.25
1312.16
1336.12
1353.18
1405.21
1455.66
1496.27
1559.91
1618.04
1593.19
1498.13
1324.62
1255.05
1397.41
1603.24
1795.1
1854.18
1895.74
2178.01
2910.29
2797.77
2320.56
2311.95
2328.41
2114.7
2067.29
1950.31
1789.99
1757.88
1790.26
1796.06
1976.35
2086.9
2147.92
2049.68
2087.87
1473.51
0.296309
489.313
454.334
480.95
665.511
1304.04
1442.87
1557.37
1595.52
1565.27
1572.04
1586.66
1635.66
1680.72
1724.92
1769.36
1813.05
1781.14
1660.12
1469.8
1350.37
1390.38
1571.8
1831.15
1900.05
1919.76
2136.38
2873.87
2777.48
2349.45
2418.99
2512.89
2310.73
2220.93
2097.29
1967.21
1934.76
1971.88
2035.73
2261.69
2394.17
2484.38
2435.24
2512.95
1902.64
227.896
249.337
352.412
570.036
1195.48
1366.01
1461.01
1500.18
1467.09
1465.86
1474.49
1532.95
1561
1618.88
1658.79
1693.02
1658.01
1545.89
1326.01
1246.77
1282.77
1375.09
1679.14
1742.95
1798.61
1990.57
2705.49
2611.33
2156.78
2254.13
2359.11
2196.1
2098.62
1949.26
1824.48
1818.98
1828.82
1902.33
2156.48
2291.24
2387.81
2342
2454.93
1845.83
94.9485
94.9512
191.228
846.021
978.919
1075.05
1108.26
1065.55
1062.08
1072.61
1112.92
1155.64
1195.46
1224.82
1260.19
1225.9
1090.17
906.806
755.368
756.847
935.708
1204.59
1274.85
1286.73
1492.58
2227.48
2132.28
1714.53
1805
1930.08
1734.71
1627.84
1507.23
1397.56
1362.11
1405.02
1498.31
1743.75
1886.28
1995.52
1983.54
2094.29
1508.84
154.797
242.307
772.176
937.721
1007.13
1037.32
993.83
981.72
987.322
1037.66
1058.4
1116.29
1141.2
1164.15
1126.04
1006.36
777.687
704.799
711.933
776.464
1091.27
1154.3
1213.93
1397.72
2110.83
2015.23
1558.17
1668.46
1790.79
1642.14
1533.61
1379.65
1271.6
1274.9
1280.69
1380.2
1654.85
1796.37
1906.39
1893.02
2038.28
1447.65
139.065
703.509
879.529
965.874
1004.02
970.059
967.344
974.928
1034.91
1060.67
1120.22
1161.15
1196.32
1161.99
1055.19
836.269
769.298
852.353
967.618
1230.67
1291.3
1361.29
1589.88
2318.1
2213.98
1734.96
1787.87
1873.61
1705.03
1615.1
1467.04
1332.88
1326.97
1335.34
1401.89
1655.61
1790.4
1888.17
1847.72
1971.75
1367.04
633.146
799.268
901.071
942.519
914.478
919.258
929.106
990.903
1022.87
1079.48
1129.64
1172.77
1141.37
1043.16
834.551
778.671
916.295
1028.4
1271.81
1327.34
1409.87
1655.48
2383.13
2274.97
1778.43
1804.16
1868.92
1690.33
1613.99
1470.01
1323.4
1312.17
1323
1371.15
1608.13
1738.85
1829.97
1780.31
1886.15
1278.27
143.317
247.246
288.778
265.352
275.658
282.782
352.269
380.133
439.563
499.627
549.481
522.819
456.434
272.832
270.616
505.515
548.724
759.58
789.652
916.553
1163.01
1882.48
1768.29
1229.59
1204.86
1242.88
1069.72
1014.17
866.302
703.19
700.446
696.707
726.43
956.485
1086.75
1179
1143.14
1251.42
662.889
74.8094
134.214
134.559
159.337
144.614
229.558
245.032
304.675
379.252
442.482
426.525
392.8
277.041
292.644
596.355
686.188
795.158
801.548
922.869
1201.75
1901.01
1777.39
1218.75
1122.74
1111.34
941.056
914.192
778.564
597.138
595.094
580.815
559.499
771.757
894.097
979.78
933.911
1055.66
467.075
40.8383
60.1471
110.557
104.469
163.419
199.937
237.861
319.143
391.507
381.258
357.742
288.5
334.163
641.782
732.646
807.857
805.711
912.526
1207.52
1889.49
1761.6
1202.68
1093.83
1055.81
864.911
854.387
734.54
550.241
537.847
540.446
509.64
694.385
817.127
902.422
867.926
981.404
416.533
19.323
72.4752
41.9347
105.582
129.427
170.238
253.261
327.174
320.163
307.804
265.234
318.383
620.829
702.406
762.921
751.633
861.18
1150.76
1828.13
1700.16
1136.69
1018.72
982.269
799.925
788.205
665.717
479.698
471.916
465.818
433.285
632.379
759.7
852.215
829.274
962.913
417.041
62.5245
48.0818
80.4854
121.507
149.009
231.049
305.523
298.212
283.389
245.936
324.085
616.359
703.436
752.325
742.289
841.168
1141.35
1811.42
1681.86
1121.85
1007.92
966.793
775.712
763.798
646.051
461.526
448.395
453.671
425.299
620.663
750.202
845.531
827.74
966.723
424.352
11.0353
43.0641
93.6674
126.238
202.704
272.556
260.347
235.609
189.854
261.027
554.973
644.282
698.157
693.101
792.767
1094.07
1769.7
1640.93
1084.53
983.674
956.828
762.812
739.548
618.11
436.889
420.804
432.087
425.613
634.618
768.991
870.395
861.734
1006.61
471.771
45.8983
90.2885
133.331
201.611
265.711
249.363
216.785
162.31
230.517
523.477
614.096
670.948
668.955
770.589
1070.83
1751.16
1623.29
1068.87
976.774
962.836
771.004
737.824
611.654
433.276
417.459
429.089
438.922
663.049
800.818
907.015
905.132
1057.48
527.483
4.62681
64.0688
135.73
201.333
190.172
177.269
153.717
203.548
495.856
569.685
623.805
610.784
723.512
1010.17
1690.52
1563.42
1001.38
897.256
882.482
700.807
671.748
541.241
358.617
352.387
348.157
354.148
584.735
723.087
831.004
834.113
991.336
479.401
5.52539
74.6405
143.736
132.763
122.481
138.129
209.23
483.794
554.976
592.491
577.66
676.903
975.829
1645.24
1515.89
957.823
858.084
837.448
640.326
611.259
489.481
310.197
291.973
309.459
323.637
547.345
689.034
802.554
815.651
979.387
482.725
56.659
121.774
116.065
116.482
137.525
223.878
482.661
544.893
576.751
552.661
660.506
947.179
1618.01
1489.85
925.008
812.779
795.749
616.931
587.515
457.307
273.078
269.344
261.789
273.203
517.179
659.193
774.051
790.9
964.087
478.132
80.4307
87.5957
105.949
173.983
245.838
497.587
548.5
569.426
536.69
637.885
926.303
1586.42
1456.53
891.391
775.838
747.387
554.529
532.933
412.055
227.419
216.46
223.723
235.742
464.338
608.698
728.172
753.268
928.988
466.371
22.4669
46.5299
154.041
230.586
451.951
490.257
498.755
459.427
556.348
845.832
1501.53
1371.23
807.344
699.851
683.153
485.751
452.48
329.952
150.596
133.391
155.626
196.477
443.74
592.135
721.503
762.046
952.801
512.732
34.7179
147.158
249.246
443.252
475.994
477.124
438.515
529.888
824.551
1479.2
1348.89
787.445
687.887
684.145
491.013
444.001
316.547
143.382
124.018
149.83
212.195
482.934
631.745
764.595
812.533
1012.6
574.866
105.114
216.548
408.499
446.935
451.64
421.22
511.679
811.61
1471.11
1341.25
783.549
693.582
699.597
508.08
452.691
322.455
155.267
135.288
161.05
233.977
510.217
658.669
790.855
837.787
1037.27
589.55
57.6703
253.162
305.618
322.904
318.074
398.649
713.752
1384.08
1255.05
716.03
662.179
698.353
494.333
415.453
295.771
163.131
115.522
171.541
266.606
541.521
691.047
827.326
877.144
1075.74
619.494
149.886
266.428
304.248
326.216
407.027
720.657
1413.44
1288.64
760.466
725.889
783.507
609.98
520.271
375.815
239.256
241.975
245.148
354.376
645.388
790.601
915.725
949.332
1141.15
630.666
132.461
240.173
294.5
359.056
659.136
1372.22
1252.07
758.518
772.333
872.619
670.152
562.118
452.875
357.889
305.293
364.534
481.445
747.702
897.613
1034.23
1077.33
1258.64
776.235
104.515
165.94
128.668
380.843
1115.19
1007.53
607.963
689.071
883.836
718.73
572.087
480.022
450.703
423.246
461.075
622.43
911.558
1057.77
1206.98
1274.94
1483.98
1025.71
52.0565
140.637
274.049
983.28
879.333
402.475
558.371
761.985
653.915
507.248
386.616
408.385
410.061
429.988
606.443
899.213
1039.58
1190.05
1271.36
1495.58
1077
101.896
353.897
1067.67
949.831
463.201
536.822
731.918
599.737
449.169
345.86
371.74
375.862
391.549
569
858.845
995.729
1148.46
1235.27
1466.84
1066.99
214.051
916.301
796.302
279.269
349.198
561.605
441.397
284.291
211.908
279.713
286.671
292.607
461.678
741.665
871.204
1029.4
1124.74
1367.62
1009.29
671.113
550.939
187.388
246.941
525.661
432.347
275.175
221.275
324.137
361.191
357.987
520.189
785.685
902.788
1060.52
1164.55
1416.24
1063.48
21.5044
27.2566
92.7983
533.957
574.613
455.653
446.728
596.219
634.298
609.067
728.108
961.262
1046.75
1214.64
1319.83
1599.81
1337.63
129.41
545.677
843.033
1031.95
981.844
1000.96
1199.2
1259.78
1231.79
1323.06
1510.29
1564.03
1705.24
1823.64
2102.47
1875.01
440.617
707.868
892.762
844.855
865.98
1066.2
1127.34
1102.12
1194.6
1380.15
1435.41
1573.23
1694.09
1968.5
1733.56
189.379
330.792
272.906
295.202
495.588
560.135
525.365
619.833
816.588
885.109
1022.94
1145.73
1413.94
1167.51
172.532
168.24
176.004
365.362
456.892
373.338
372.255
526.11
558.33
714.543
814.234
1113.45
963.932
183.118
214.988
360.671
461.505
366.872
281.189
351.267
358.845
469.348
591.473
857.05
717.986
86.1907
202.213
251.382
218.719
187.283
268.319
310.941
429.537
554.636
815.749
585.992
140
192.448
180.911
224.264
405.294
494.756
643.525
757.932
1020.57
743.33
75.4638
48.4983
166.983
403.728
513.779
655.313
762.42
1012.98
695.225
-88.3976
222.673
788.47
886.479
1473.51
1902.64
1845.83
1508.84
1447.65
1367.04
1278.27
662.889
467.075
416.533
417.041
424.352
471.771
527.483
479.401
482.725
478.132
466.371
512.732
574.866
589.55
619.494
630.666
776.235
1025.71
1077
1066.99
1009.29
1063.48
1337.63
1875.01
1733.56
1167.51
963.932
717.986
585.992
743.33
695.225
670.234
589.572
542.959
348.694
314.003
293.201
231.198
79.0691
0
535.226
438.443
1114.41
1629.2
1565.09
1336.62
1271.23
1126.53
1042.47
553.267
397.548
378.805
423.441
441.825
490.916
553.206
524.251
546.894
563.097
564.371
636.637
715.338
724.349
736.205
706.148
813.662
1099.95
1187.89
1215.76
1180.78
1269.8
1548.81
2173.34
2040.38
1464.81
1235.5
1094.34
960.212
1044.09
966.857
904.326
798.493
743.622
565.191
597.375
614.846
618.119
380.784
442.618
5.68434e-14
7.49627
457.71
1039.79
1075.35
892.795
930.968
726.915
614.365
355.942
418.96
437.593
550.289
568.946
598.457
653.156
662.976
689.289
737.42
751.122
825.943
898.318
892.067
857.813
756.914
826.708
1093.02
1259.22
1322.7
1335.15
1392.32
1729.33
2374.1
2237.79
1694.14
1566.75
1423.61
1223.45
1283.98
1200.89
1121.55
1030.37
1006.37
922.847
981.548
1030.33
1025.44
870.264
812.375
222.673
316.836
770.942
803.018
544.459
642.825
464.84
294.642
65.3445
389.694
488.448
624.147
666.252
667.708
701.931
715.034
770.612
817.334
856.91
931.112
997.014
978.348
914.123
760.725
757.413
1009.27
1154.45
1300.17
1334.69
1421.36
1724.21
2433.54
2310.33
1778.03
1709.12
1682.34
1479.35
1461.39
1342.97
1252.57
1153.78
1154.13
1133.11
1295.77
1399.62
1456.16
1362.35
1403.89
788.47
532.146
503.34
445.798
485.85
239.203
203.696
98.0075
411.919
563.752
684.266
736.838
733.748
759.802
764.968
834.918
868.228
920.63
992.986
1054.11
1032.81
965.849
794.853
773.43
992.233
1152.67
1315.82
1356.25
1442.83
1735.91
2453.94
2334.29
1806.81
1747.75
1740.66
1559.75
1526.43
1394.48
1307.82
1203.93
1210.55
1180.13
1367.53
1469.89
1530.11
1407.15
1486.21
886.479
294.106
317.482
646.06
442.08
422.69
525.545
1032.15
1149.89
1282.34
1323.25
1312.16
1336.12
1353.18
1405.21
1455.66
1496.27
1559.91
1618.04
1593.19
1498.13
1324.62
1255.05
1397.41
1603.24
1795.1
1854.18
1895.74
2178.01
2910.29
2797.77
2320.56
2311.95
2328.41
2114.7
2067.29
1950.31
1861.37
1775.31
1789.85
1796.06
1976.35
2086.9
2147.92
2049.68
2087.87
1473.51
0.296309
489.313
454.334
480.95
665.511
1304.04
1442.87
1557.37
1595.52
1565.27
1572.04
1586.66
1635.66
1680.72
1724.92
1769.36
1813.05
1781.14
1660.12
1469.8
1350.37
1390.38
1571.8
1831.15
1900.05
1919.76
2136.38
2873.87
2777.48
2349.45
2418.99
2512.89
2310.73
2220.93
2097.29
2022.26
1951.09
1988.89
2035.73
2261.69
2394.17
2484.38
2435.24
2512.95
1902.64
227.896
249.337
352.412
570.036
1195.48
1366.01
1461.01
1500.18
1467.09
1465.86
1474.49
1532.95
1561
1618.88
1658.79
1693.02
1658.01
1545.89
1326.01
1246.77
1282.77
1375.09
1679.14
1742.95
1798.61
1990.57
2705.49
2611.33
2156.78
2254.13
2359.11
2196.1
2098.62
1949.26
1888.04
1810.47
1862.17
1902.33
2156.48
2291.24
2387.81
2342
2454.93
1845.83
94.9485
94.9512
191.228
846.021
978.919
1075.05
1108.26
1065.55
1062.08
1072.61
1112.92
1155.64
1195.46
1224.82
1260.19
1225.9
1090.17
906.806
755.368
756.847
935.708
1204.59
1274.85
1286.73
1492.58
2227.48
2132.28
1714.53
1805
1930.08
1734.71
1627.84
1507.23
1441.18
1382.05
1429.86
1498.31
1743.75
1886.28
1995.52
1983.54
2094.29
1508.84
154.797
242.307
772.176
937.721
1007.13
1037.32
993.83
981.72
987.322
1037.66
1058.4
1116.29
1141.2
1164.15
1126.04
1006.36
777.687
704.799
711.933
776.464
1091.27
1154.3
1213.93
1397.72
2110.83
2015.23
1558.17
1668.46
1790.79
1642.14
1533.61
1379.65
1329.74
1260.39
1325.47
1380.2
1654.85
1796.37
1906.39
1893.02
2038.28
1447.65
139.065
703.509
879.529
965.874
1004.02
970.059
967.344
974.928
1034.91
1060.67
1120.22
1161.15
1196.32
1161.99
1055.19
836.269
769.298
852.353
967.618
1230.67
1291.3
1361.29
1589.88
2318.1
2213.98
1734.96
1787.87
1873.61
1705.03
1615.1
1467.04
1399.93
1318.06
1365.6
1401.89
1655.61
1790.4
1888.17
1847.72
1971.75
1367.04
633.146
799.268
901.071
942.519
914.478
919.258
929.106
990.903
1022.87
1079.48
1129.64
1172.77
1141.37
1043.16
834.551
778.671
916.295
1028.4
1271.81
1327.34
1409.87
1655.48
2383.13
2274.97
1778.43
1804.16
1868.92
1690.33
1613.99
1470.01
1395.12
1307.49
1344.35
1371.15
1608.13
1738.85
1829.97
1780.31
1886.15
1278.27
143.317
247.246
288.778
265.352
275.658
282.782
352.269
380.133
439.563
499.627
549.481
522.819
456.434
272.832
270.616
505.515
548.724
759.58
789.652
916.553
1163.01
1882.48
1768.29
1229.59
1204.86
1242.88
1069.72
1014.17
866.302
788.338
687.024
713.378
726.43
956.485
1086.75
1179
1143.14
1251.42
662.889
74.8094
134.214
134.559
159.337
144.614
229.558
245.032
304.675
379.252
442.482
426.525
392.8
277.041
292.644
596.355
686.188
795.158
801.548
922.869
1201.75
1901.01
1777.39
1218.75
1122.74
1111.34
941.056
914.192
778.564
695.329
582.051
584.065
559.499
771.757
894.097
979.78
933.911
1055.66
467.075
40.8383
60.1471
110.557
104.469
163.419
199.937
237.861
319.143
391.507
381.258
357.742
288.5
334.163
641.782
732.646
807.857
805.711
912.526
1207.52
1889.49
1761.6
1202.68
1093.83
1055.81
864.911
854.387
734.54
647.133
539.146
530.653
509.64
694.385
817.127
902.422
867.926
981.404
416.533
19.323
72.4752
41.9347
105.582
129.427
170.238
253.261
327.174
320.163
307.804
265.234
318.383
620.829
702.406
762.921
751.633
861.18
1150.76
1828.13
1700.16
1136.69
1018.72
982.269
799.925
788.205
665.717
580.361
468.146
457.323
433.285
632.379
759.7
852.215
829.274
962.913
417.041
62.5245
48.0818
80.4854
121.507
149.009
231.049
305.523
298.212
283.389
245.936
324.085
616.359
703.436
752.325
742.289
841.168
1141.35
1811.42
1681.86
1121.85
1007.92
966.793
775.712
763.798
646.051
558.707
451.877
441.407
425.299
620.663
750.202
845.531
827.74
966.723
424.352
11.0353
43.0641
93.6674
126.238
202.704
272.556
260.347
235.609
189.854
261.027
554.973
644.282
698.157
693.101
792.767
1094.07
1769.7
1640.93
1084.53
983.674
956.828
762.812
739.548
618.11
529.323
425.55
423.304
425.613
634.618
768.991
870.395
861.734
1006.61
471.771
45.8983
90.2885
133.331
201.611
265.711
249.363
216.785
162.31
230.517
523.477
614.096
670.948
668.955
770.589
1070.83
1751.16
1623.29
1068.87
976.774
962.836
771.004
737.824
611.654
522.922
420.247
425.053
438.922
663.049
800.818
907.015
905.132
1057.48
527.483
4.62681
64.0688
135.73
201.333
190.172
177.269
153.717
203.548
495.856
569.685
623.805
610.784
723.512
1010.17
1690.52
1563.42
1001.38
897.256
882.482
700.807
671.748
541.241
455.828
344.822
346.909
354.148
584.735
723.087
831.004
834.113
991.336
479.401
5.52539
74.6405
143.736
132.763
122.481
138.129
209.23
483.794
554.976
592.491
577.66
676.903
975.829
1645.24
1515.89
957.823
858.084
837.448
640.326
611.259
489.481
400.326
299.054
300.646
323.637
547.345
689.034
802.554
815.651
979.387
482.725
56.659
121.774
116.065
116.482
137.525
223.878
482.661
544.893
576.751
552.661
660.506
947.179
1618.01
1489.85
925.008
812.779
795.749
616.931
587.515
457.307
372.844
259.707
260.056
273.203
517.179
659.193
774.051
790.9
964.087
478.132
80.4307
87.5957
105.949
173.983
245.838
497.587
548.5
569.426
536.69
637.885
926.303
1586.42
1456.53
891.391
775.838
747.387
554.529
532.933
412.055
326.036
217.609
212.354
235.742
464.338
608.698
728.172
753.268
928.988
466.371
22.4669
46.5299
154.041
230.586
451.951
490.257
498.755
459.427
556.348
845.832
1501.53
1371.23
807.344
699.851
683.153
485.751
452.48
329.952
242.046
140.559
145.406
196.477
443.74
592.135
721.503
762.046
952.801
512.732
34.7179
147.158
249.246
443.252
475.994
477.124
438.515
529.888
824.551
1479.2
1348.89
787.445
687.887
684.145
491.013
444.001
316.547
227.441
131.409
146.778
212.195
482.934
631.745
764.595
812.533
1012.6
574.866
105.114
216.548
408.499
446.935
451.64
421.22
511.679
811.61
1471.11
1341.25
783.549
693.582
699.597
508.08
452.691
322.455
233.084
141.53
165.389
233.977
510.217
658.669
790.855
837.787
1037.27
589.55
57.6703
253.162
305.618
322.904
318.074
398.649
713.752
1384.08
1255.05
716.03
662.179
698.353
494.333
415.453
295.771
208.406
148.065
182.121
266.606
541.521
691.047
827.326
877.144
1075.74
619.494
149.886
266.428
304.248
326.216
407.027
720.657
1413.44
1288.64
760.466
725.889
783.507
609.98
520.271
375.815
301.966
224.541
288.27
354.376
645.388
790.601
915.725
949.332
1141.15
630.666
132.461
240.173
294.5
359.056
659.136
1372.22
1252.07
758.518
772.333
872.619
670.152
562.118
452.875
383.956
341.935
390.221
481.445
747.702
897.613
1034.23
1077.33
1258.64
776.235
104.515
165.94
128.668
380.843
1115.19
1007.53
607.963
689.071
883.836
718.73
572.087
480.022
456.424
443.592
523.406
622.43
911.558
1057.77
1206.98
1274.94
1483.98
1025.71
52.0565
140.637
274.049
983.28
879.333
402.475
558.371
761.985
653.915
507.248
386.616
408.123
416.044
512.664
606.443
899.213
1039.58
1190.05
1271.36
1495.58
1077
101.896
353.897
1067.67
949.831
463.201
536.822
731.918
599.737
449.169
345.86
365.777
381.562
480.208
569
858.845
995.729
1148.46
1235.27
1466.84
1066.99
214.051
916.301
796.302
279.269
349.198
561.605
441.397
284.291
211.908
264.346
296.075
386.967
461.678
741.665
871.204
1029.4
1124.74
1367.62
1009.29
671.113
550.939
187.388
246.941
525.661
432.347
275.175
221.275
309.38
360.581
461.751
520.189
785.685
902.788
1060.52
1164.55
1416.24
1063.48
21.5044
27.2566
92.7983
533.957
574.613
455.653
446.728
582.159
633.601
712.222
728.108
961.262
1046.75
1214.64
1319.83
1599.81
1337.63
129.41
545.677
843.033
1031.95
981.844
1000.96
1186.12
1258.81
1334.24
1323.06
1510.29
1564.03
1705.24
1823.64
2102.47
1875.01
440.617
707.868
892.762
844.855
865.98
1052.68
1127.77
1203.6
1194.6
1380.15
1435.41
1573.23
1694.09
1968.5
1733.56
189.379
330.792
272.906
295.202
485.935
556.271
627.279
619.833
816.588
885.109
1022.94
1145.73
1413.94
1167.51
172.532
168.24
176.004
381.005
431.596
471.388
372.255
526.11
558.33
714.543
814.234
1113.45
963.932
183.118
214.988
401.141
436.678
439.627
281.189
351.267
358.845
469.348
591.473
857.05
717.986
86.1907
221.348
272.716
266.647
187.283
268.319
310.941
429.537
554.636
815.749
585.992
136.416
215.168
250.173
224.264
405.294
494.756
643.525
757.932
1020.57
743.33
71.88
140.48
166.983
403.728
513.779
655.313
762.42
1012.98
695.225
88.3976
139.866
416.55
547.53
694.44
785.681
1025.2
670.234
71.664
368.619
508.385
650.755
729.975
959.941
589.572
291.298
437.006
584.019
660.024
888.361
542.959
142.183
283.546
364.811
604.494
348.694
152.47
237.036
493.554
314.003
89.8033
376.895
293.201
272.369
231.198
79.0691
